-------------------------------------------------------------------------------
Test set: com.jeorgius.display_content.DisplayContentApplicationTests
-------------------------------------------------------------------------------
Tests run: 1, Failures: 0, Errors: 1, Skipped: 0, Time elapsed: 11.491 s <<< FAILURE! - in com.jeorgius.display_content.DisplayContentApplicationTests
contextLoads(com.jeorgius.display_content.DisplayContentApplicationTests)  Time elapsed: 0.005 s  <<< ERROR!
java.lang.IllegalStateException: Failed to load ApplicationContext
Caused by: org.springframework.beans.factory.UnsatisfiedDependencyException: Error creating bean with name 'fullInfoDisplay' defined in file [D:\Programming\Angular-Java Website\JBackend\display_content\target\classes\com\jeorgius\display_content\Controller\Logic\FullInfoDisplay.class]: Unsatisfied dependency expressed through constructor parameter 0; nested exception is org.springframework.beans.factory.UnsatisfiedDependencyException: Error creating bean with name 'validateInput' defined in file [D:\Programming\Angular-Java Website\JBackend\display_content\target\classes\com\jeorgius\display_content\Controller\Logic\ValidateInput.class]: Unsatisfied dependency expressed through constructor parameter 0; nested exception is org.springframework.beans.factory.NoSuchBeanDefinitionException: No qualifying bean of type 'com.jeorgius.cfg.Repos.UserRepo' available: expected at least 1 bean which qualifies as autowire candidate. Dependency annotations: {}
Caused by: org.springframework.beans.factory.UnsatisfiedDependencyException: Error creating bean with name 'validateInput' defined in file [D:\Programming\Angular-Java Website\JBackend\display_content\target\classes\com\jeorgius\display_content\Controller\Logic\ValidateInput.class]: Unsatisfied dependency expressed through constructor parameter 0; nested exception is org.springframework.beans.factory.NoSuchBeanDefinitionException: No qualifying bean of type 'com.jeorgius.cfg.Repos.UserRepo' available: expected at least 1 bean which qualifies as autowire candidate. Dependency annotations: {}
Caused by: org.springframework.beans.factory.NoSuchBeanDefinitionException: No qualifying bean of type 'com.jeorgius.cfg.Repos.UserRepo' available: expected at least 1 bean which qualifies as autowire candidate. Dependency annotations: {}

