<?xml version="1.0" encoding="UTF-8"?>
<testsuite xmlns:xsi="http://www.w3.org/2001/XMLSchema-instance" xsi:noNamespaceSchemaLocation="https://maven.apache.org/surefire/maven-surefire-plugin/xsd/surefire-test-report.xsd" name="com.jeorgius.display_content.DisplayContentApplicationTests" time="11.491" tests="1" errors="1" skipped="0" failures="0">
  <properties>
[...]
</properties>
  <testcase name="contextLoads" classname="com.jeorgius.display_content.DisplayContentApplicationTests" time="0.005">
    <error message="Failed to load ApplicationContext" type="java.lang.IllegalStateException">java.lang.IllegalStateException: Failed to load ApplicationContext
Caused by: org.springframework.beans.factory.UnsatisfiedDependencyException: Error creating bean with name 'fullInfoDisplay' defined in file [D:\Programming\Angular-Java Website\JBackend\display_content\target\classes\com\jeorgius\display_content\Controller\Logic\FullInfoDisplay.class]: Unsatisfied dependency expressed through constructor parameter 0; nested exception is org.springframework.beans.factory.UnsatisfiedDependencyException: Error creating bean with name 'validateInput' defined in file [D:\Programming\Angular-Java Website\JBackend\display_content\target\classes\com\jeorgius\display_content\Controller\Logic\ValidateInput.class]: Unsatisfied dependency expressed through constructor parameter 0; nested exception is org.springframework.beans.factory.NoSuchBeanDefinitionException: No qualifying bean of type 'com.jeorgius.cfg.Repos.UserRepo' available: expected at least 1 bean which qualifies as autowire candidate. Dependency annotations: {}
Caused by: org.springframework.beans.factory.UnsatisfiedDependencyException: Error creating bean with name 'validateInput' defined in file [D:\Programming\Angular-Java Website\JBackend\display_content\target\classes\com\jeorgius\display_content\Controller\Logic\ValidateInput.class]: Unsatisfied dependency expressed through constructor parameter 0; nested exception is org.springframework.beans.factory.NoSuchBeanDefinitionException: No qualifying bean of type 'com.jeorgius.cfg.Repos.UserRepo' available: expected at least 1 bean which qualifies as autowire candidate. Dependency annotations: {}
Caused by: org.springframework.beans.factory.NoSuchBeanDefinitionException: No qualifying bean of type 'com.jeorgius.cfg.Repos.UserRepo' available: expected at least 1 bean which qualifies as autowire candidate. Dependency annotations: {}
</error>
    <system-out><![CDATA[09:29:07.664 [main] DEBUG org.springframework.test.context.junit4.SpringJUnit4ClassRunner - SpringJUnit4ClassRunner constructor called with [class com.jeorgius.display_content.DisplayContentApplicationTests]
09:29:07.679 [main] DEBUG org.springframework.test.context.BootstrapUtils - Instantiating CacheAwareContextLoaderDelegate from class [org.springframework.test.context.cache.DefaultCacheAwareContextLoaderDelegate]
09:29:07.692 [main] DEBUG org.springframework.test.context.BootstrapUtils - Instantiating BootstrapContext using constructor [public org.springframework.test.context.support.DefaultBootstrapContext(java.lang.Class,org.springframework.test.context.CacheAwareContextLoaderDelegate)]
09:29:07.769 [main] DEBUG org.springframework.test.context.BootstrapUtils - Instantiating TestContextBootstrapper for test class [com.jeorgius.display_content.DisplayContentApplicationTests] from class [org.springframework.boot.test.context.SpringBootTestContextBootstrapper]
09:29:07.804 [main] INFO org.springframework.boot.test.context.SpringBootTestContextBootstrapper - Neither @ContextConfiguration nor @ContextHierarchy found for test class [com.jeorgius.display_content.DisplayContentApplicationTests], using SpringBootContextLoader
09:29:07.809 [main] DEBUG org.springframework.test.context.support.AbstractContextLoader - Did not detect default resource location for test class [com.jeorgius.display_content.DisplayContentApplicationTests]: class path resource [com/jeorgius/display_content/DisplayContentApplicationTests-context.xml] does not exist
09:29:07.812 [main] DEBUG org.springframework.test.context.support.AbstractContextLoader - Did not detect default resource location for test class [com.jeorgius.display_content.DisplayContentApplicationTests]: class path resource [com/jeorgius/display_content/DisplayContentApplicationTestsContext.groovy] does not exist
09:29:07.812 [main] INFO org.springframework.test.context.support.AbstractContextLoader - Could not detect default resource locations for test class [com.jeorgius.display_content.DisplayContentApplicationTests]: no resource found for suffixes {-context.xml, Context.groovy}.
09:29:07.812 [main] INFO org.springframework.test.context.support.AnnotationConfigContextLoaderUtils - Could not detect default configuration classes for test class [com.jeorgius.display_content.DisplayContentApplicationTests]: DisplayContentApplicationTests does not declare any static, non-private, non-final, nested classes annotated with @Configuration.
09:29:07.889 [main] DEBUG org.springframework.test.context.support.ActiveProfilesUtils - Could not find an 'annotation declaring class' for annotation type [org.springframework.test.context.ActiveProfiles] and class [com.jeorgius.display_content.DisplayContentApplicationTests]
09:29:07.902 [main] DEBUG org.springframework.core.env.StandardEnvironment - Adding PropertySource 'systemProperties' with lowest search precedence
09:29:07.902 [main] DEBUG org.springframework.core.env.StandardEnvironment - Adding PropertySource 'systemEnvironment' with lowest search precedence
09:29:07.904 [main] DEBUG org.springframework.core.env.StandardEnvironment - Initialized StandardEnvironment with PropertySources [MapPropertySource@158453976 {name='systemProperties', properties={idea.version=2018.1.5, java.runtime.name=Java(TM) SE Runtime Environment, sun.boot.library.path=C:\Program Files\Java\jdk1.8.0_172\jre\bin, java.vm.version=25.172-b11, java.vm.vendor=Oracle Corporation, java.vendor.url=http://java.oracle.com/, path.separator=;, java.vm.name=Java HotSpot(TM) 64-Bit Server VM, file.encoding.pkg=sun.io, user.country=RU, user.script=, sun.java.launcher=SUN_STANDARD, sun.os.patch.level=Service Pack 1, java.vm.specification.name=Java Virtual Machine Specification, user.dir=D:\Programming\Angular-Java Website\JBackend\display_content, java.runtime.version=1.8.0_172-b11, basedir=D:\Programming\Angular-Java Website\JBackend\display_content, java.awt.graphicsenv=sun.awt.Win32GraphicsEnvironment, java.endorsed.dirs=C:\Program Files\Java\jdk1.8.0_172\jre\lib\endorsed, os.arch=amd64, surefire.real.class.path=C:\Users\Georgy\AppData\Local\Temp\surefire1640098658193446591\surefirebooter7258298663709276375.jar, java.io.tmpdir=C:\Users\Georgy\AppData\Local\Temp\, line.separator=
, java.vm.specification.vendor=Oracle Corporation, user.variant=, os.name=Windows 7, sun.jnu.encoding=Cp1251, java.library.path=C:\Program Files\Java\jdk1.8.0_172\jre\bin;C:\Windows\Sun\Java\bin;C:\Windows\system32;C:\Windows;C:\Program Files (x86)\Common Files\Oracle\Java\javapath;C:\Program Files (x86)\Common Files\Intel\Shared Libraries\redist\intel64\compiler;C:\Program Files (x86)\Common Files\Intel\Shared Libraries\redist\ia32\compiler;C:\Windows\system32;C:\Windows;C:\Windows\System32\Wbem;C:\Windows\System32\WindowsPowerShell\v1.0\;C:\Program Files\Intel\WiFi\bin\;C:\Program Files\Common Files\Intel\WirelessCommon\;C:\Program Files (x86)\NVIDIA Corporation\PhysX\Common;C:\Program Files\dotnet\;C:\Program Files\Microsoft SQL Server\130\Tools\Binn\;D:\Installed\NodeJS\;C:\Program Files\Git\cmd;C:\Program Files\Intel\WiFi\bin\;C:\Program Files\Common Files\Intel\WirelessCommon\;C:\Users\Georgy\AppData\Roaming\npm;D:\Installed\Microsoft VS Code\bin;D:\Installed\Microsoft VS Code\bin;D:\Programming\Java\Gradle\bin;D:\Programming\Java\Maven\apache-maven-3.5.4\bin;D:\Programming\cURL\installator\curl-7.61.1-win64-mingw\bin;., surefire.test.class.path=D:\Programming\Angular-Java Website\JBackend\display_content\target\test-classes;D:\Programming\Angular-Java Website\JBackend\display_content\target\classes;D:\Programming\Angular-Java Website\JBackend\cfg\target\cfg-0.0.1-SNAPSHOT.jar;C:\Users\Georgy\.m2\repository\org\springframework\boot\spring-boot-starter-jdbc\2.0.6.RELEASE\spring-boot-starter-jdbc-2.0.6.RELEASE.jar;C:\Users\Georgy\.m2\repository\com\zaxxer\HikariCP\2.7.9\HikariCP-2.7.9.jar;C:\Users\Georgy\.m2\repository\org\springframework\spring-jdbc\5.0.10.RELEASE\spring-jdbc-5.0.10.RELEASE.jar;C:\Users\Georgy\.m2\repository\org\postgresql\postgresql\42.2.5\postgresql-42.2.5.jar;C:\Users\Georgy\.m2\repository\org\springframework\cloud\spring-cloud-starter-config\2.0.2.RELEASE\spring-cloud-starter-config-2.0.2.RELEASE.jar;C:\Users\Georgy\.m2\repository\org\springframework\cloud\spring-cloud-starter\2.0.2.RELEASE\spring-cloud-starter-2.0.2.RELEASE.jar;C:\Users\Georgy\.m2\repository\org\springframework\cloud\spring-cloud-context\2.0.2.RELEASE\spring-cloud-context-2.0.2.RELEASE.jar;C:\Users\Georgy\.m2\repository\org\springframework\security\spring-security-crypto\5.0.9.RELEASE\spring-security-crypto-5.0.9.RELEASE.jar;C:\Users\Georgy\.m2\repository\org\springframework\cloud\spring-cloud-commons\2.0.2.RELEASE\spring-cloud-commons-2.0.2.RELEASE.jar;C:\Users\Georgy\.m2\repository\org\springframework\security\spring-security-rsa\1.0.7.RELEASE\spring-security-rsa-1.0.7.RELEASE.jar;C:\Users\Georgy\.m2\repository\org\bouncycastle\bcpkix-jdk15on\1.60\bcpkix-jdk15on-1.60.jar;C:\Users\Georgy\.m2\repository\org\bouncycastle\bcprov-jdk15on\1.60\bcprov-jdk15on-1.60.jar;C:\Users\Georgy\.m2\repository\org\springframework\cloud\spring-cloud-config-client\2.0.2.RELEASE\spring-cloud-config-client-2.0.2.RELEASE.jar;C:\Users\Georgy\.m2\repository\org\springframework\boot\spring-boot-autoconfigure\2.0.6.RELEASE\spring-boot-autoconfigure-2.0.6.RELEASE.jar;C:\Users\Georgy\.m2\repository\com\fasterxml\jackson\core\jackson-annotations\2.9.0\jackson-annotations-2.9.0.jar;C:\Users\Georgy\.m2\repository\com\fasterxml\jackson\core\jackson-databind\2.9.7\jackson-databind-2.9.7.jar;C:\Users\Georgy\.m2\repository\com\fasterxml\jackson\core\jackson-core\2.9.7\jackson-core-2.9.7.jar;C:\Users\Georgy\.m2\repository\org\springframework\boot\spring-boot-starter-actuator\2.0.6.RELEASE\spring-boot-starter-actuator-2.0.6.RELEASE.jar;C:\Users\Georgy\.m2\repository\org\springframework\boot\spring-boot-starter\2.0.6.RELEASE\spring-boot-starter-2.0.6.RELEASE.jar;C:\Users\Georgy\.m2\repository\org\springframework\boot\spring-boot\2.0.6.RELEASE\spring-boot-2.0.6.RELEASE.jar;C:\Users\Georgy\.m2\repository\org\springframework\boot\spring-boot-starter-logging\2.0.6.RELEASE\spring-boot-starter-logging-2.0.6.RELEASE.jar;C:\Users\Georgy\.m2\repository\ch\qos\logback\logback-classic\1.2.3\logback-classic-1.2.3.jar;C:\Users\Georgy\.m2\repository\ch\qos\logback\logback-core\1.2.3\logback-core-1.2.3.jar;C:\Users\Georgy\.m2\repository\org\apache\logging\log4j\log4j-to-slf4j\2.10.0\log4j-to-slf4j-2.10.0.jar;C:\Users\Georgy\.m2\repository\org\apache\logging\log4j\log4j-api\2.10.0\log4j-api-2.10.0.jar;C:\Users\Georgy\.m2\repository\org\slf4j\jul-to-slf4j\1.7.25\jul-to-slf4j-1.7.25.jar;C:\Users\Georgy\.m2\repository\javax\annotation\javax.annotation-api\1.3.2\javax.annotation-api-1.3.2.jar;C:\Users\Georgy\.m2\repository\org\yaml\snakeyaml\1.19\snakeyaml-1.19.jar;C:\Users\Georgy\.m2\repository\org\springframework\boot\spring-boot-actuator-autoconfigure\2.0.6.RELEASE\spring-boot-actuator-autoconfigure-2.0.6.RELEASE.jar;C:\Users\Georgy\.m2\repository\org\springframework\boot\spring-boot-actuator\2.0.6.RELEASE\spring-boot-actuator-2.0.6.RELEASE.jar;C:\Users\Georgy\.m2\repository\org\springframework\spring-context\5.0.10.RELEASE\spring-context-5.0.10.RELEASE.jar;C:\Users\Georgy\.m2\repository\com\fasterxml\jackson\datatype\jackson-datatype-jsr310\2.9.7\jackson-datatype-jsr310-2.9.7.jar;C:\Users\Georgy\.m2\repository\io\micrometer\micrometer-core\1.0.7\micrometer-core-1.0.7.jar;C:\Users\Georgy\.m2\repository\org\hdrhistogram\HdrHistogram\2.1.10\HdrHistogram-2.1.10.jar;C:\Users\Georgy\.m2\repository\org\latencyutils\LatencyUtils\2.0.3\LatencyUtils-2.0.3.jar;C:\Users\Georgy\.m2\repository\org\springframework\boot\spring-boot-starter-data-rest\2.0.6.RELEASE\spring-boot-starter-data-rest-2.0.6.RELEASE.jar;C:\Users\Georgy\.m2\repository\org\springframework\boot\spring-boot-starter-json\2.0.6.RELEASE\spring-boot-starter-json-2.0.6.RELEASE.jar;C:\Users\Georgy\.m2\repository\com\fasterxml\jackson\datatype\jackson-datatype-jdk8\2.9.7\jackson-datatype-jdk8-2.9.7.jar;C:\Users\Georgy\.m2\repository\com\fasterxml\jackson\module\jackson-module-parameter-names\2.9.7\jackson-module-parameter-names-2.9.7.jar;C:\Users\Georgy\.m2\repository\org\springframework\data\spring-data-rest-webmvc\3.0.11.RELEASE\spring-data-rest-webmvc-3.0.11.RELEASE.jar;C:\Users\Georgy\.m2\repository\org\springframework\data\spring-data-rest-core\3.0.11.RELEASE\spring-data-rest-core-3.0.11.RELEASE.jar;C:\Users\Georgy\.m2\repository\org\springframework\hateoas\spring-hateoas\0.25.0.RELEASE\spring-hateoas-0.25.0.RELEASE.jar;C:\Users\Georgy\.m2\repository\org\springframework\plugin\spring-plugin-core\1.2.0.RELEASE\spring-plugin-core-1.2.0.RELEASE.jar;C:\Users\Georgy\.m2\repository\org\atteo\evo-inflector\1.2.2\evo-inflector-1.2.2.jar;C:\Users\Georgy\.m2\repository\org\slf4j\slf4j-api\1.7.25\slf4j-api-1.7.25.jar;C:\Users\Georgy\.m2\repository\org\springframework\boot\spring-boot-starter-data-jpa\2.0.6.RELEASE\spring-boot-starter-data-jpa-2.0.6.RELEASE.jar;C:\Users\Georgy\.m2\repository\org\springframework\boot\spring-boot-starter-aop\2.0.6.RELEASE\spring-boot-starter-aop-2.0.6.RELEASE.jar;C:\Users\Georgy\.m2\repository\org\springframework\spring-aop\5.0.10.RELEASE\spring-aop-5.0.10.RELEASE.jar;C:\Users\Georgy\.m2\repository\org\aspectj\aspectjweaver\1.8.13\aspectjweaver-1.8.13.jar;C:\Users\Georgy\.m2\repository\javax\transaction\javax.transaction-api\1.2\javax.transaction-api-1.2.jar;C:\Users\Georgy\.m2\repository\org\hibernate\hibernate-core\5.2.17.Final\hibernate-core-5.2.17.Final.jar;C:\Users\Georgy\.m2\repository\org\jboss\logging\jboss-logging\3.3.2.Final\jboss-logging-3.3.2.Final.jar;C:\Users\Georgy\.m2\repository\org\hibernate\javax\persistence\hibernate-jpa-2.1-api\1.0.2.Final\hibernate-jpa-2.1-api-1.0.2.Final.jar;C:\Users\Georgy\.m2\repository\org\javassist\javassist\3.22.0-GA\javassist-3.22.0-GA.jar;C:\Users\Georgy\.m2\repository\antlr\antlr\2.7.7\antlr-2.7.7.jar;C:\Users\Georgy\.m2\repository\org\jboss\jandex\2.0.3.Final\jandex-2.0.3.Final.jar;C:\Users\Georgy\.m2\repository\com\fasterxml\classmate\1.3.4\classmate-1.3.4.jar;C:\Users\Georgy\.m2\repository\dom4j\dom4j\1.6.1\dom4j-1.6.1.jar;C:\Users\Georgy\.m2\repository\org\hibernate\common\hibernate-commons-annotations\5.0.1.Final\hibernate-commons-annotations-5.0.1.Final.jar;C:\Users\Georgy\.m2\repository\org\springframework\data\spring-data-jpa\2.0.11.RELEASE\spring-data-jpa-2.0.11.RELEASE.jar;C:\Users\Georgy\.m2\repository\org\springframework\data\spring-data-commons\2.0.11.RELEASE\spring-data-commons-2.0.11.RELEASE.jar;C:\Users\Georgy\.m2\repository\org\springframework\spring-orm\5.0.10.RELEASE\spring-orm-5.0.10.RELEASE.jar;C:\Users\Georgy\.m2\repository\org\springframework\spring-tx\5.0.10.RELEASE\spring-tx-5.0.10.RELEASE.jar;C:\Users\Georgy\.m2\repository\org\springframework\spring-beans\5.0.10.RELEASE\spring-beans-5.0.10.RELEASE.jar;C:\Users\Georgy\.m2\repository\org\springframework\spring-aspects\5.0.10.RELEASE\spring-aspects-5.0.10.RELEASE.jar;C:\Users\Georgy\.m2\repository\org\springframework\boot\spring-boot-starter-web\2.0.6.RELEASE\spring-boot-starter-web-2.0.6.RELEASE.jar;C:\Users\Georgy\.m2\repository\org\springframework\boot\spring-boot-starter-tomcat\2.0.6.RELEASE\spring-boot-starter-tomcat-2.0.6.RELEASE.jar;C:\Users\Georgy\.m2\repository\org\apache\tomcat\embed\tomcat-embed-core\8.5.34\tomcat-embed-core-8.5.34.jar;C:\Users\Georgy\.m2\repository\org\apache\tomcat\embed\tomcat-embed-el\8.5.34\tomcat-embed-el-8.5.34.jar;C:\Users\Georgy\.m2\repository\org\apache\tomcat\embed\tomcat-embed-websocket\8.5.34\tomcat-embed-websocket-8.5.34.jar;C:\Users\Georgy\.m2\repository\org\hibernate\validator\hibernate-validator\6.0.13.Final\hibernate-validator-6.0.13.Final.jar;C:\Users\Georgy\.m2\repository\javax\validation\validation-api\2.0.1.Final\validation-api-2.0.1.Final.jar;C:\Users\Georgy\.m2\repository\org\springframework\spring-web\5.0.10.RELEASE\spring-web-5.0.10.RELEASE.jar;C:\Users\Georgy\.m2\repository\org\springframework\spring-webmvc\5.0.10.RELEASE\spring-webmvc-5.0.10.RELEASE.jar;C:\Users\Georgy\.m2\repository\org\springframework\spring-expression\5.0.10.RELEASE\spring-expression-5.0.10.RELEASE.jar;C:\Users\Georgy\.m2\repository\org\springframework\boot\spring-boot-starter-test\2.0.6.RELEASE\spring-boot-starter-test-2.0.6.RELEASE.jar;C:\Users\Georgy\.m2\repository\org\springframework\boot\spring-boot-test\2.0.6.RELEASE\spring-boot-test-2.0.6.RELEASE.jar;C:\Users\Georgy\.m2\repository\org\springframework\boot\spring-boot-test-autoconfigure\2.0.6.RELEASE\spring-boot-test-autoconfigure-2.0.6.RELEASE.jar;C:\Users\Georgy\.m2\repository\com\jayway\jsonpath\json-path\2.4.0\json-path-2.4.0.jar;C:\Users\Georgy\.m2\repository\net\minidev\json-smart\2.3\json-smart-2.3.jar;C:\Users\Georgy\.m2\repository\net\minidev\accessors-smart\1.2\accessors-smart-1.2.jar;C:\Users\Georgy\.m2\repository\org\ow2\asm\asm\5.0.4\asm-5.0.4.jar;C:\Users\Georgy\.m2\repository\junit\junit\4.12\junit-4.12.jar;C:\Users\Georgy\.m2\repository\org\assertj\assertj-core\3.9.1\assertj-core-3.9.1.jar;C:\Users\Georgy\.m2\repository\org\mockito\mockito-core\2.15.0\mockito-core-2.15.0.jar;C:\Users\Georgy\.m2\repository\net\bytebuddy\byte-buddy\1.7.11\byte-buddy-1.7.11.jar;C:\Users\Georgy\.m2\repository\net\bytebuddy\byte-buddy-agent\1.7.11\byte-buddy-agent-1.7.11.jar;C:\Users\Georgy\.m2\repository\org\objenesis\objenesis\2.6\objenesis-2.6.jar;C:\Users\Georgy\.m2\repository\org\hamcrest\hamcrest-core\1.3\hamcrest-core-1.3.jar;C:\Users\Georgy\.m2\repository\org\hamcrest\hamcrest-library\1.3\hamcrest-library-1.3.jar;C:\Users\Georgy\.m2\repository\org\skyscreamer\jsonassert\1.5.0\jsonassert-1.5.0.jar;C:\Users\Georgy\.m2\repository\com\vaadin\external\google\android-json\0.0.20131108.vaadin1\android-json-0.0.20131108.vaadin1.jar;C:\Users\Georgy\.m2\repository\org\springframework\spring-core\5.0.10.RELEASE\spring-core-5.0.10.RELEASE.jar;C:\Users\Georgy\.m2\repository\org\springframework\spring-jcl\5.0.10.RELEASE\spring-jcl-5.0.10.RELEASE.jar;C:\Users\Georgy\.m2\repository\org\springframework\spring-test\5.0.10.RELEASE\spring-test-5.0.10.RELEASE.jar;C:\Users\Georgy\.m2\repository\org\xmlunit\xmlunit-core\2.5.1\xmlunit-core-2.5.1.jar;, java.specification.name=Java Platform API Specification, java.class.version=52.0, sun.management.compiler=HotSpot 64-Bit Tiered Compilers, os.version=6.1, user.home=C:\Users\Georgy, user.timezone=Europe/Moscow, java.awt.printerjob=sun.awt.windows.WPrinterJob, file.encoding=Cp1251, java.specification.version=1.8, java.class.path=D:\Programming\Angular-Java Website\JBackend\display_content\target\test-classes;D:\Programming\Angular-Java Website\JBackend\display_content\target\classes;D:\Programming\Angular-Java Website\JBackend\cfg\target\cfg-0.0.1-SNAPSHOT.jar;C:\Users\Georgy\.m2\repository\org\springframework\boot\spring-boot-starter-jdbc\2.0.6.RELEASE\spring-boot-starter-jdbc-2.0.6.RELEASE.jar;C:\Users\Georgy\.m2\repository\com\zaxxer\HikariCP\2.7.9\HikariCP-2.7.9.jar;C:\Users\Georgy\.m2\repository\org\springframework\spring-jdbc\5.0.10.RELEASE\spring-jdbc-5.0.10.RELEASE.jar;C:\Users\Georgy\.m2\repository\org\postgresql\postgresql\42.2.5\postgresql-42.2.5.jar;C:\Users\Georgy\.m2\repository\org\springframework\cloud\spring-cloud-starter-config\2.0.2.RELEASE\spring-cloud-starter-config-2.0.2.RELEASE.jar;C:\Users\Georgy\.m2\repository\org\springframework\cloud\spring-cloud-starter\2.0.2.RELEASE\spring-cloud-starter-2.0.2.RELEASE.jar;C:\Users\Georgy\.m2\repository\org\springframework\cloud\spring-cloud-context\2.0.2.RELEASE\spring-cloud-context-2.0.2.RELEASE.jar;C:\Users\Georgy\.m2\repository\org\springframework\security\spring-security-crypto\5.0.9.RELEASE\spring-security-crypto-5.0.9.RELEASE.jar;C:\Users\Georgy\.m2\repository\org\springframework\cloud\spring-cloud-commons\2.0.2.RELEASE\spring-cloud-commons-2.0.2.RELEASE.jar;C:\Users\Georgy\.m2\repository\org\springframework\security\spring-security-rsa\1.0.7.RELEASE\spring-security-rsa-1.0.7.RELEASE.jar;C:\Users\Georgy\.m2\repository\org\bouncycastle\bcpkix-jdk15on\1.60\bcpkix-jdk15on-1.60.jar;C:\Users\Georgy\.m2\repository\org\bouncycastle\bcprov-jdk15on\1.60\bcprov-jdk15on-1.60.jar;C:\Users\Georgy\.m2\repository\org\springframework\cloud\spring-cloud-config-client\2.0.2.RELEASE\spring-cloud-config-client-2.0.2.RELEASE.jar;C:\Users\Georgy\.m2\repository\org\springframework\boot\spring-boot-autoconfigure\2.0.6.RELEASE\spring-boot-autoconfigure-2.0.6.RELEASE.jar;C:\Users\Georgy\.m2\repository\com\fasterxml\jackson\core\jackson-annotations\2.9.0\jackson-annotations-2.9.0.jar;C:\Users\Georgy\.m2\repository\com\fasterxml\jackson\core\jackson-databind\2.9.7\jackson-databind-2.9.7.jar;C:\Users\Georgy\.m2\repository\com\fasterxml\jackson\core\jackson-core\2.9.7\jackson-core-2.9.7.jar;C:\Users\Georgy\.m2\repository\org\springframework\boot\spring-boot-starter-actuator\2.0.6.RELEASE\spring-boot-starter-actuator-2.0.6.RELEASE.jar;C:\Users\Georgy\.m2\repository\org\springframework\boot\spring-boot-starter\2.0.6.RELEASE\spring-boot-starter-2.0.6.RELEASE.jar;C:\Users\Georgy\.m2\repository\org\springframework\boot\spring-boot\2.0.6.RELEASE\spring-boot-2.0.6.RELEASE.jar;C:\Users\Georgy\.m2\repository\org\springframework\boot\spring-boot-starter-logging\2.0.6.RELEASE\spring-boot-starter-logging-2.0.6.RELEASE.jar;C:\Users\Georgy\.m2\repository\ch\qos\logback\logback-classic\1.2.3\logback-classic-1.2.3.jar;C:\Users\Georgy\.m2\repository\ch\qos\logback\logback-core\1.2.3\logback-core-1.2.3.jar;C:\Users\Georgy\.m2\repository\org\apache\logging\log4j\log4j-to-slf4j\2.10.0\log4j-to-slf4j-2.10.0.jar;C:\Users\Georgy\.m2\repository\org\apache\logging\log4j\log4j-api\2.10.0\log4j-api-2.10.0.jar;C:\Users\Georgy\.m2\repository\org\slf4j\jul-to-slf4j\1.7.25\jul-to-slf4j-1.7.25.jar;C:\Users\Georgy\.m2\repository\javax\annotation\javax.annotation-api\1.3.2\javax.annotation-api-1.3.2.jar;C:\Users\Georgy\.m2\repository\org\yaml\snakeyaml\1.19\snakeyaml-1.19.jar;C:\Users\Georgy\.m2\repository\org\springframework\boot\spring-boot-actuator-autoconfigure\2.0.6.RELEASE\spring-boot-actuator-autoconfigure-2.0.6.RELEASE.jar;C:\Users\Georgy\.m2\repository\org\springframework\boot\spring-boot-actuator\2.0.6.RELEASE\spring-boot-actuator-2.0.6.RELEASE.jar;C:\Users\Georgy\.m2\repository\org\springframework\spring-context\5.0.10.RELEASE\spring-context-5.0.10.RELEASE.jar;C:\Users\Georgy\.m2\repository\com\fasterxml\jackson\datatype\jackson-datatype-jsr310\2.9.7\jackson-datatype-jsr310-2.9.7.jar;C:\Users\Georgy\.m2\repository\io\micrometer\micrometer-core\1.0.7\micrometer-core-1.0.7.jar;C:\Users\Georgy\.m2\repository\org\hdrhistogram\HdrHistogram\2.1.10\HdrHistogram-2.1.10.jar;C:\Users\Georgy\.m2\repository\org\latencyutils\LatencyUtils\2.0.3\LatencyUtils-2.0.3.jar;C:\Users\Georgy\.m2\repository\org\springframework\boot\spring-boot-starter-data-rest\2.0.6.RELEASE\spring-boot-starter-data-rest-2.0.6.RELEASE.jar;C:\Users\Georgy\.m2\repository\org\springframework\boot\spring-boot-starter-json\2.0.6.RELEASE\spring-boot-starter-json-2.0.6.RELEASE.jar;C:\Users\Georgy\.m2\repository\com\fasterxml\jackson\datatype\jackson-datatype-jdk8\2.9.7\jackson-datatype-jdk8-2.9.7.jar;C:\Users\Georgy\.m2\repository\com\fasterxml\jackson\module\jackson-module-parameter-names\2.9.7\jackson-module-parameter-names-2.9.7.jar;C:\Users\Georgy\.m2\repository\org\springframework\data\spring-data-rest-webmvc\3.0.11.RELEASE\spring-data-rest-webmvc-3.0.11.RELEASE.jar;C:\Users\Georgy\.m2\repository\org\springframework\data\spring-data-rest-core\3.0.11.RELEASE\spring-data-rest-core-3.0.11.RELEASE.jar;C:\Users\Georgy\.m2\repository\org\springframework\hateoas\spring-hateoas\0.25.0.RELEASE\spring-hateoas-0.25.0.RELEASE.jar;C:\Users\Georgy\.m2\repository\org\springframework\plugin\spring-plugin-core\1.2.0.RELEASE\spring-plugin-core-1.2.0.RELEASE.jar;C:\Users\Georgy\.m2\repository\org\atteo\evo-inflector\1.2.2\evo-inflector-1.2.2.jar;C:\Users\Georgy\.m2\repository\org\slf4j\slf4j-api\1.7.25\slf4j-api-1.7.25.jar;C:\Users\Georgy\.m2\repository\org\springframework\boot\spring-boot-starter-data-jpa\2.0.6.RELEASE\spring-boot-starter-data-jpa-2.0.6.RELEASE.jar;C:\Users\Georgy\.m2\repository\org\springframework\boot\spring-boot-starter-aop\2.0.6.RELEASE\spring-boot-starter-aop-2.0.6.RELEASE.jar;C:\Users\Georgy\.m2\repository\org\springframework\spring-aop\5.0.10.RELEASE\spring-aop-5.0.10.RELEASE.jar;C:\Users\Georgy\.m2\repository\org\aspectj\aspectjweaver\1.8.13\aspectjweaver-1.8.13.jar;C:\Users\Georgy\.m2\repository\javax\transaction\javax.transaction-api\1.2\javax.transaction-api-1.2.jar;C:\Users\Georgy\.m2\repository\org\hibernate\hibernate-core\5.2.17.Final\hibernate-core-5.2.17.Final.jar;C:\Users\Georgy\.m2\repository\org\jboss\logging\jboss-logging\3.3.2.Final\jboss-logging-3.3.2.Final.jar;C:\Users\Georgy\.m2\repository\org\hibernate\javax\persistence\hibernate-jpa-2.1-api\1.0.2.Final\hibernate-jpa-2.1-api-1.0.2.Final.jar;C:\Users\Georgy\.m2\repository\org\javassist\javassist\3.22.0-GA\javassist-3.22.0-GA.jar;C:\Users\Georgy\.m2\repository\antlr\antlr\2.7.7\antlr-2.7.7.jar;C:\Users\Georgy\.m2\repository\org\jboss\jandex\2.0.3.Final\jandex-2.0.3.Final.jar;C:\Users\Georgy\.m2\repository\com\fasterxml\classmate\1.3.4\classmate-1.3.4.jar;C:\Users\Georgy\.m2\repository\dom4j\dom4j\1.6.1\dom4j-1.6.1.jar;C:\Users\Georgy\.m2\repository\org\hibernate\common\hibernate-commons-annotations\5.0.1.Final\hibernate-commons-annotations-5.0.1.Final.jar;C:\Users\Georgy\.m2\repository\org\springframework\data\spring-data-jpa\2.0.11.RELEASE\spring-data-jpa-2.0.11.RELEASE.jar;C:\Users\Georgy\.m2\repository\org\springframework\data\spring-data-commons\2.0.11.RELEASE\spring-data-commons-2.0.11.RELEASE.jar;C:\Users\Georgy\.m2\repository\org\springframework\spring-orm\5.0.10.RELEASE\spring-orm-5.0.10.RELEASE.jar;C:\Users\Georgy\.m2\repository\org\springframework\spring-tx\5.0.10.RELEASE\spring-tx-5.0.10.RELEASE.jar;C:\Users\Georgy\.m2\repository\org\springframework\spring-beans\5.0.10.RELEASE\spring-beans-5.0.10.RELEASE.jar;C:\Users\Georgy\.m2\repository\org\springframework\spring-aspects\5.0.10.RELEASE\spring-aspects-5.0.10.RELEASE.jar;C:\Users\Georgy\.m2\repository\org\springframework\boot\spring-boot-starter-web\2.0.6.RELEASE\spring-boot-starter-web-2.0.6.RELEASE.jar;C:\Users\Georgy\.m2\repository\org\springframework\boot\spring-boot-starter-tomcat\2.0.6.RELEASE\spring-boot-starter-tomcat-2.0.6.RELEASE.jar;C:\Users\Georgy\.m2\repository\org\apache\tomcat\embed\tomcat-embed-core\8.5.34\tomcat-embed-core-8.5.34.jar;C:\Users\Georgy\.m2\repository\org\apache\tomcat\embed\tomcat-embed-el\8.5.34\tomcat-embed-el-8.5.34.jar;C:\Users\Georgy\.m2\repository\org\apache\tomcat\embed\tomcat-embed-websocket\8.5.34\tomcat-embed-websocket-8.5.34.jar;C:\Users\Georgy\.m2\repository\org\hibernate\validator\hibernate-validator\6.0.13.Final\hibernate-validator-6.0.13.Final.jar;C:\Users\Georgy\.m2\repository\javax\validation\validation-api\2.0.1.Final\validation-api-2.0.1.Final.jar;C:\Users\Georgy\.m2\repository\org\springframework\spring-web\5.0.10.RELEASE\spring-web-5.0.10.RELEASE.jar;C:\Users\Georgy\.m2\repository\org\springframework\spring-webmvc\5.0.10.RELEASE\spring-webmvc-5.0.10.RELEASE.jar;C:\Users\Georgy\.m2\repository\org\springframework\spring-expression\5.0.10.RELEASE\spring-expression-5.0.10.RELEASE.jar;C:\Users\Georgy\.m2\repository\org\springframework\boot\spring-boot-starter-test\2.0.6.RELEASE\spring-boot-starter-test-2.0.6.RELEASE.jar;C:\Users\Georgy\.m2\repository\org\springframework\boot\spring-boot-test\2.0.6.RELEASE\spring-boot-test-2.0.6.RELEASE.jar;C:\Users\Georgy\.m2\repository\org\springframework\boot\spring-boot-test-autoconfigure\2.0.6.RELEASE\spring-boot-test-autoconfigure-2.0.6.RELEASE.jar;C:\Users\Georgy\.m2\repository\com\jayway\jsonpath\json-path\2.4.0\json-path-2.4.0.jar;C:\Users\Georgy\.m2\repository\net\minidev\json-smart\2.3\json-smart-2.3.jar;C:\Users\Georgy\.m2\repository\net\minidev\accessors-smart\1.2\accessors-smart-1.2.jar;C:\Users\Georgy\.m2\repository\org\ow2\asm\asm\5.0.4\asm-5.0.4.jar;C:\Users\Georgy\.m2\repository\junit\junit\4.12\junit-4.12.jar;C:\Users\Georgy\.m2\repository\org\assertj\assertj-core\3.9.1\assertj-core-3.9.1.jar;C:\Users\Georgy\.m2\repository\org\mockito\mockito-core\2.15.0\mockito-core-2.15.0.jar;C:\Users\Georgy\.m2\repository\net\bytebuddy\byte-buddy\1.7.11\byte-buddy-1.7.11.jar;C:\Users\Georgy\.m2\repository\net\bytebuddy\byte-buddy-agent\1.7.11\byte-buddy-agent-1.7.11.jar;C:\Users\Georgy\.m2\repository\org\objenesis\objenesis\2.6\objenesis-2.6.jar;C:\Users\Georgy\.m2\repository\org\hamcrest\hamcrest-core\1.3\hamcrest-core-1.3.jar;C:\Users\Georgy\.m2\repository\org\hamcrest\hamcrest-library\1.3\hamcrest-library-1.3.jar;C:\Users\Georgy\.m2\repository\org\skyscreamer\jsonassert\1.5.0\jsonassert-1.5.0.jar;C:\Users\Georgy\.m2\repository\com\vaadin\external\google\android-json\0.0.20131108.vaadin1\android-json-0.0.20131108.vaadin1.jar;C:\Users\Georgy\.m2\repository\org\springframework\spring-core\5.0.10.RELEASE\spring-core-5.0.10.RELEASE.jar;C:\Users\Georgy\.m2\repository\org\springframework\spring-jcl\5.0.10.RELEASE\spring-jcl-5.0.10.RELEASE.jar;C:\Users\Georgy\.m2\repository\org\springframework\spring-test\5.0.10.RELEASE\spring-test-5.0.10.RELEASE.jar;C:\Users\Georgy\.m2\repository\org\xmlunit\xmlunit-core\2.5.1\xmlunit-core-2.5.1.jar;, user.name=Georgy, java.vm.specification.version=1.8, sun.java.command=C:\Users\Georgy\AppData\Local\Temp\surefire1640098658193446591\surefirebooter7258298663709276375.jar C:\Users\Georgy\AppData\Local\Temp\surefire1640098658193446591 2018-11-19T09-28-19_290-jvmRun1 surefire6107031718274406442tmp surefire_06718555561586224099tmp, java.home=C:\Program Files\Java\jdk1.8.0_172\jre, sun.arch.data.model=64, user.language=ru, java.specification.vendor=Oracle Corporation, awt.toolkit=sun.awt.windows.WToolkit, java.vm.info=mixed mode, java.version=1.8.0_172, java.ext.dirs=C:\Program Files\Java\jdk1.8.0_172\jre\lib\ext;C:\Windows\Sun\Java\lib\ext, sun.boot.class.path=C:\Program Files\Java\jdk1.8.0_172\jre\lib\resources.jar;C:\Program Files\Java\jdk1.8.0_172\jre\lib\rt.jar;C:\Program Files\Java\jdk1.8.0_172\jre\lib\sunrsasign.jar;C:\Program Files\Java\jdk1.8.0_172\jre\lib\jsse.jar;C:\Program Files\Java\jdk1.8.0_172\jre\lib\jce.jar;C:\Program Files\Java\jdk1.8.0_172\jre\lib\charsets.jar;C:\Program Files\Java\jdk1.8.0_172\jre\lib\jfr.jar;C:\Program Files\Java\jdk1.8.0_172\jre\classes, java.vendor=Oracle Corporation, localRepository=C:\Users\Georgy\.m2\repository, file.separator=\, java.vendor.url.bug=http://bugreport.sun.com/bugreport/, sun.io.unicode.encoding=UnicodeLittle, sun.cpu.endian=little, sun.desktop=windows, sun.cpu.isalist=amd64}}, SystemEnvironmentPropertySource@1368594774 {name='systemEnvironment', properties={PATH=C:\Program Files (x86)\Common Files\Oracle\Java\javapath;C:\Program Files (x86)\Common Files\Intel\Shared Libraries\redist\intel64\compiler;C:\Program Files (x86)\Common Files\Intel\Shared Libraries\redist\ia32\compiler;C:\Windows\system32;C:\Windows;C:\Windows\System32\Wbem;C:\Windows\System32\WindowsPowerShell\v1.0\;C:\Program Files\Intel\WiFi\bin\;C:\Program Files\Common Files\Intel\WirelessCommon\;C:\Program Files (x86)\NVIDIA Corporation\PhysX\Common;C:\Program Files\dotnet\;C:\Program Files\Microsoft SQL Server\130\Tools\Binn\;D:\Installed\NodeJS\;C:\Program Files\Git\cmd;C:\Program Files\Intel\WiFi\bin\;C:\Program Files\Common Files\Intel\WirelessCommon\;C:\Users\Georgy\AppData\Roaming\npm;D:\Installed\Microsoft VS Code\bin;D:\Installed\Microsoft VS Code\bin;D:\Programming\Java\Gradle\bin;D:\Programming\Java\Maven\apache-maven-3.5.4\bin;D:\Programming\cURL\installator\curl-7.61.1-win64-mingw\bin, OPENSSL_CONF=D:\Programming\PostGREs installed\odbcDriver\etc\openssl.cnf, LOCALAPPDATA=C:\Users\Georgy\AppData\Local, PROCESSOR_LEVEL=6, SYSTEMDRIVE=C:, COMMONPROGRAMFILES(X86)=C:\Program Files (x86)\Common Files, FP_NO_HOST_CHECK=NO, USERDOMAIN=JOkELittleWorld, LOGONSERVER=\\JOKELITTLEWORLD, JAVA_HOME=C:\Program Files (x86)\Java\jdk1.8.0_172, PROMPT=$P$G, FSHARPINSTALLDIR=C:\Program Files (x86)\Microsoft SDKs\F#\10.1\Framework\v4.0\, SESSIONNAME=Console, ALLUSERSPROFILE=C:\ProgramData, PROGRAMFILES(X86)=C:\Program Files (x86), INTEL_DEV_REDIST=C:\Program Files (x86)\Common Files\Intel\Shared Libraries\, PROCESSOR_ARCHITECTURE=AMD64, MIC_LD_LIBRARY_PATH=C:\Program Files (x86)\Common Files\Intel\Shared Libraries\compiler\lib\mic, =G:=G:\, JRE_HOME=D:\Programming\Java\jre1.8, =E:=E:\, PROGRAMFILES=C:\Program Files, WINDOWS_TRACING_FLAGS=3, APPDATA=C:\Users\Georgy\AppData\Roaming, PSMODULEPATH=C:\Windows\system32\WindowsPowerShell\v1.0\Modules\, PROGRAMW6432=C:\Program Files, PROGRAMDATA=C:\ProgramData, SYSTEMROOT=C:\Windows, USERNAME=Georgy, PATHEXT=.COM;.EXE;.BAT;.CMD;.VBS;.VBE;.JS;.JSE;.WSF;.WSH;.MSC, OS=Windows_NT, COMMONPROGRAMW6432=C:\Program Files\Common Files, COMPUTERNAME=JOKELITTLEWORLD, COMMONPROGRAMFILES=C:\Program Files\Common Files, COMSPEC=C:\Windows\system32\cmd.exe, PROCESSOR_REVISION=3d04, WINDIR=C:\Windows, =D:=D:\Programming\Angular-Java Website\JBackend\display_content, HOMEPATH=\Users\Georgy, TEMP=C:\Users\Georgy\AppData\Local\Temp, HOMEDRIVE=C:, PROCESSOR_IDENTIFIER=Intel64 Family 6 Model 61 Stepping 4, GenuineIntel, USERPROFILE=C:\Users\Georgy, TMP=C:\Users\Georgy\AppData\Local\Temp, WINDOWS_TRACING_LOGFILE=C:\BVTBin\Tests\installpackage\csilogfile.log, PUBLIC=C:\Users\Public, NUMBER_OF_PROCESSORS=4, =::=::\}}]
09:29:07.929 [main] DEBUG org.springframework.core.io.support.PathMatchingResourcePatternResolver - Resolved classpath location [com/jeorgius/display_content/] to resources [URL [file:/D:/Programming/Angular-Java%20Website/JBackend/display_content/target/test-classes/com/jeorgius/display_content/], URL [file:/D:/Programming/Angular-Java%20Website/JBackend/display_content/target/classes/com/jeorgius/display_content/]]
09:29:07.932 [main] DEBUG org.springframework.core.io.support.PathMatchingResourcePatternResolver - Looking for matching resources in directory tree [D:\Programming\Angular-Java Website\JBackend\display_content\target\test-classes\com\jeorgius\display_content]
09:29:07.932 [main] DEBUG org.springframework.core.io.support.PathMatchingResourcePatternResolver - Searching directory [D:\Programming\Angular-Java Website\JBackend\display_content\target\test-classes\com\jeorgius\display_content] for files matching pattern [D:/Programming/Angular-Java Website/JBackend/display_content/target/test-classes/com/jeorgius/display_content/*.class]
09:29:07.937 [main] DEBUG org.springframework.core.io.support.PathMatchingResourcePatternResolver - Looking for matching resources in directory tree [D:\Programming\Angular-Java Website\JBackend\display_content\target\classes\com\jeorgius\display_content]
09:29:07.939 [main] DEBUG org.springframework.core.io.support.PathMatchingResourcePatternResolver - Searching directory [D:\Programming\Angular-Java Website\JBackend\display_content\target\classes\com\jeorgius\display_content] for files matching pattern [D:/Programming/Angular-Java Website/JBackend/display_content/target/classes/com/jeorgius/display_content/*.class]
09:29:07.939 [main] DEBUG org.springframework.core.io.support.PathMatchingResourcePatternResolver - Resolved location pattern [classpath*:com/jeorgius/display_content/*.class] to resources [file [D:\Programming\Angular-Java Website\JBackend\display_content\target\test-classes\com\jeorgius\display_content\DisplayContentApplicationTests.class], file [D:\Programming\Angular-Java Website\JBackend\display_content\target\test-classes\com\jeorgius\display_content\NewsRestTest.class], file [D:\Programming\Angular-Java Website\JBackend\display_content\target\test-classes\com\jeorgius\display_content\UsersRestTest.class], file [D:\Programming\Angular-Java Website\JBackend\display_content\target\classes\com\jeorgius\display_content\DisplayContentApplication.class]]
09:29:08.052 [main] DEBUG org.springframework.context.annotation.ClassPathScanningCandidateComponentProvider - Identified candidate component class: file [D:\Programming\Angular-Java Website\JBackend\display_content\target\classes\com\jeorgius\display_content\DisplayContentApplication.class]
09:29:08.054 [main] INFO org.springframework.boot.test.context.SpringBootTestContextBootstrapper - Found @SpringBootConfiguration com.jeorgius.display_content.DisplayContentApplication for test class com.jeorgius.display_content.DisplayContentApplicationTests
09:29:08.282 [main] DEBUG org.springframework.boot.test.context.SpringBootTestContextBootstrapper - @TestExecutionListeners is not present for class [com.jeorgius.display_content.DisplayContentApplicationTests]: using defaults.
09:29:08.282 [main] INFO org.springframework.boot.test.context.SpringBootTestContextBootstrapper - Loaded default TestExecutionListener class names from location [META-INF/spring.factories]: [org.springframework.boot.test.mock.mockito.MockitoTestExecutionListener, org.springframework.boot.test.mock.mockito.ResetMocksTestExecutionListener, org.springframework.boot.test.autoconfigure.restdocs.RestDocsTestExecutionListener, org.springframework.boot.test.autoconfigure.web.client.MockRestServiceServerResetTestExecutionListener, org.springframework.boot.test.autoconfigure.web.servlet.MockMvcPrintOnlyOnFailureTestExecutionListener, org.springframework.boot.test.autoconfigure.web.servlet.WebDriverTestExecutionListener, org.springframework.test.context.web.ServletTestExecutionListener, org.springframework.test.context.support.DirtiesContextBeforeModesTestExecutionListener, org.springframework.test.context.support.DependencyInjectionTestExecutionListener, org.springframework.test.context.support.DirtiesContextTestExecutionListener, org.springframework.test.context.transaction.TransactionalTestExecutionListener, org.springframework.test.context.jdbc.SqlScriptsTestExecutionListener]
09:29:08.314 [main] INFO org.springframework.boot.test.context.SpringBootTestContextBootstrapper - Using TestExecutionListeners: [org.springframework.test.context.web.ServletTestExecutionListener@33c911a1, org.springframework.test.context.support.DirtiesContextBeforeModesTestExecutionListener@75db5df9, org.springframework.boot.test.mock.mockito.MockitoTestExecutionListener@707194ba, org.springframework.boot.test.autoconfigure.SpringBootDependencyInjectionTestExecutionListener@1190200a, org.springframework.test.context.support.DirtiesContextTestExecutionListener@6a2f6f80, org.springframework.test.context.transaction.TransactionalTestExecutionListener@45b4c3a9, org.springframework.test.context.jdbc.SqlScriptsTestExecutionListener@399c4be1, org.springframework.boot.test.mock.mockito.ResetMocksTestExecutionListener@291caca8, org.springframework.boot.test.autoconfigure.restdocs.RestDocsTestExecutionListener@385e9564, org.springframework.boot.test.autoconfigure.web.client.MockRestServiceServerResetTestExecutionListener@5b94b04d, org.springframework.boot.test.autoconfigure.web.servlet.MockMvcPrintOnlyOnFailureTestExecutionListener@8c3b9d, org.springframework.boot.test.autoconfigure.web.servlet.WebDriverTestExecutionListener@4c39bec8]
09:29:08.317 [main] DEBUG org.springframework.test.annotation.ProfileValueUtils - Retrieved @ProfileValueSourceConfiguration [null] for test class [com.jeorgius.display_content.DisplayContentApplicationTests]
09:29:08.317 [main] DEBUG org.springframework.test.annotation.ProfileValueUtils - Retrieved ProfileValueSource type [class org.springframework.test.annotation.SystemProfileValueSource] for class [com.jeorgius.display_content.DisplayContentApplicationTests]
09:29:08.319 [main] DEBUG org.springframework.test.annotation.ProfileValueUtils - Retrieved @ProfileValueSourceConfiguration [null] for test class [com.jeorgius.display_content.DisplayContentApplicationTests]
09:29:08.319 [main] DEBUG org.springframework.test.annotation.ProfileValueUtils - Retrieved ProfileValueSource type [class org.springframework.test.annotation.SystemProfileValueSource] for class [com.jeorgius.display_content.DisplayContentApplicationTests]
09:29:08.319 [main] DEBUG org.springframework.test.annotation.ProfileValueUtils - Retrieved @ProfileValueSourceConfiguration [null] for test class [com.jeorgius.display_content.DisplayContentApplicationTests]
09:29:08.319 [main] DEBUG org.springframework.test.annotation.ProfileValueUtils - Retrieved ProfileValueSource type [class org.springframework.test.annotation.SystemProfileValueSource] for class [com.jeorgius.display_content.DisplayContentApplicationTests]
09:29:08.327 [main] DEBUG org.springframework.test.context.support.AbstractDirtiesContextTestExecutionListener - Before test class: context [DefaultTestContext@762ef0ea testClass = DisplayContentApplicationTests, testInstance = [null], testMethod = [null], testException = [null], mergedContextConfiguration = [WebMergedContextConfiguration@31f9b85e testClass = DisplayContentApplicationTests, locations = '{}', classes = '{class com.jeorgius.display_content.DisplayContentApplication}', contextInitializerClasses = '[]', activeProfiles = '{}', propertySourceLocations = '{}', propertySourceProperties = '{org.springframework.boot.test.context.SpringBootTestContextBootstrapper=true}', contextCustomizers = set[org.springframework.boot.test.context.filter.ExcludeFilterContextCustomizer@1ee807c6, org.springframework.boot.test.json.DuplicateJsonObjectContextCustomizerFactory$DuplicateJsonObjectContextCustomizer@6cc7b4de, org.springframework.boot.test.mock.mockito.MockitoContextCustomizer@0, org.springframework.boot.test.web.client.TestRestTemplateContextCustomizer@23bb8443, org.springframework.boot.test.autoconfigure.properties.PropertyMappingContextCustomizer@0, org.springframework.boot.test.autoconfigure.web.servlet.WebDriverContextCustomizerFactory$Customizer@6e38921c], resourceBasePath = 'src/main/webapp', contextLoader = 'org.springframework.boot.test.context.SpringBootContextLoader', parent = [null]], attributes = map['org.springframework.test.context.web.ServletTestExecutionListener.activateListener' -> true]], class annotated with @DirtiesContext [false] with mode [null].
09:29:08.327 [main] DEBUG org.springframework.test.annotation.ProfileValueUtils - Retrieved @ProfileValueSourceConfiguration [null] for test class [com.jeorgius.display_content.DisplayContentApplicationTests]
09:29:08.327 [main] DEBUG org.springframework.test.annotation.ProfileValueUtils - Retrieved ProfileValueSource type [class org.springframework.test.annotation.SystemProfileValueSource] for class [com.jeorgius.display_content.DisplayContentApplicationTests]
09:29:08.384 [main] DEBUG org.springframework.core.env.StandardEnvironment - Adding PropertySource 'systemProperties' with lowest search precedence
09:29:08.384 [main] DEBUG org.springframework.core.env.StandardEnvironment - Adding PropertySource 'systemEnvironment' with lowest search precedence
09:29:08.384 [main] DEBUG org.springframework.core.env.StandardEnvironment - Initialized StandardEnvironment with PropertySources [MapPropertySource@931496835 {name='systemProperties', properties={idea.version=2018.1.5, java.runtime.name=Java(TM) SE Runtime Environment, sun.boot.library.path=C:\Program Files\Java\jdk1.8.0_172\jre\bin, java.vm.version=25.172-b11, java.vm.vendor=Oracle Corporation, java.vendor.url=http://java.oracle.com/, path.separator=;, java.vm.name=Java HotSpot(TM) 64-Bit Server VM, file.encoding.pkg=sun.io, user.country=RU, user.script=, sun.java.launcher=SUN_STANDARD, sun.os.patch.level=Service Pack 1, java.vm.specification.name=Java Virtual Machine Specification, user.dir=D:\Programming\Angular-Java Website\JBackend\display_content, java.runtime.version=1.8.0_172-b11, basedir=D:\Programming\Angular-Java Website\JBackend\display_content, java.awt.graphicsenv=sun.awt.Win32GraphicsEnvironment, java.endorsed.dirs=C:\Program Files\Java\jdk1.8.0_172\jre\lib\endorsed, os.arch=amd64, surefire.real.class.path=C:\Users\Georgy\AppData\Local\Temp\surefire1640098658193446591\surefirebooter7258298663709276375.jar, java.io.tmpdir=C:\Users\Georgy\AppData\Local\Temp\, line.separator=
, java.vm.specification.vendor=Oracle Corporation, user.variant=, os.name=Windows 7, sun.jnu.encoding=Cp1251, java.library.path=C:\Program Files\Java\jdk1.8.0_172\jre\bin;C:\Windows\Sun\Java\bin;C:\Windows\system32;C:\Windows;C:\Program Files (x86)\Common Files\Oracle\Java\javapath;C:\Program Files (x86)\Common Files\Intel\Shared Libraries\redist\intel64\compiler;C:\Program Files (x86)\Common Files\Intel\Shared Libraries\redist\ia32\compiler;C:\Windows\system32;C:\Windows;C:\Windows\System32\Wbem;C:\Windows\System32\WindowsPowerShell\v1.0\;C:\Program Files\Intel\WiFi\bin\;C:\Program Files\Common Files\Intel\WirelessCommon\;C:\Program Files (x86)\NVIDIA Corporation\PhysX\Common;C:\Program Files\dotnet\;C:\Program Files\Microsoft SQL Server\130\Tools\Binn\;D:\Installed\NodeJS\;C:\Program Files\Git\cmd;C:\Program Files\Intel\WiFi\bin\;C:\Program Files\Common Files\Intel\WirelessCommon\;C:\Users\Georgy\AppData\Roaming\npm;D:\Installed\Microsoft VS Code\bin;D:\Installed\Microsoft VS Code\bin;D:\Programming\Java\Gradle\bin;D:\Programming\Java\Maven\apache-maven-3.5.4\bin;D:\Programming\cURL\installator\curl-7.61.1-win64-mingw\bin;., surefire.test.class.path=D:\Programming\Angular-Java Website\JBackend\display_content\target\test-classes;D:\Programming\Angular-Java Website\JBackend\display_content\target\classes;D:\Programming\Angular-Java Website\JBackend\cfg\target\cfg-0.0.1-SNAPSHOT.jar;C:\Users\Georgy\.m2\repository\org\springframework\boot\spring-boot-starter-jdbc\2.0.6.RELEASE\spring-boot-starter-jdbc-2.0.6.RELEASE.jar;C:\Users\Georgy\.m2\repository\com\zaxxer\HikariCP\2.7.9\HikariCP-2.7.9.jar;C:\Users\Georgy\.m2\repository\org\springframework\spring-jdbc\5.0.10.RELEASE\spring-jdbc-5.0.10.RELEASE.jar;C:\Users\Georgy\.m2\repository\org\postgresql\postgresql\42.2.5\postgresql-42.2.5.jar;C:\Users\Georgy\.m2\repository\org\springframework\cloud\spring-cloud-starter-config\2.0.2.RELEASE\spring-cloud-starter-config-2.0.2.RELEASE.jar;C:\Users\Georgy\.m2\repository\org\springframework\cloud\spring-cloud-starter\2.0.2.RELEASE\spring-cloud-starter-2.0.2.RELEASE.jar;C:\Users\Georgy\.m2\repository\org\springframework\cloud\spring-cloud-context\2.0.2.RELEASE\spring-cloud-context-2.0.2.RELEASE.jar;C:\Users\Georgy\.m2\repository\org\springframework\security\spring-security-crypto\5.0.9.RELEASE\spring-security-crypto-5.0.9.RELEASE.jar;C:\Users\Georgy\.m2\repository\org\springframework\cloud\spring-cloud-commons\2.0.2.RELEASE\spring-cloud-commons-2.0.2.RELEASE.jar;C:\Users\Georgy\.m2\repository\org\springframework\security\spring-security-rsa\1.0.7.RELEASE\spring-security-rsa-1.0.7.RELEASE.jar;C:\Users\Georgy\.m2\repository\org\bouncycastle\bcpkix-jdk15on\1.60\bcpkix-jdk15on-1.60.jar;C:\Users\Georgy\.m2\repository\org\bouncycastle\bcprov-jdk15on\1.60\bcprov-jdk15on-1.60.jar;C:\Users\Georgy\.m2\repository\org\springframework\cloud\spring-cloud-config-client\2.0.2.RELEASE\spring-cloud-config-client-2.0.2.RELEASE.jar;C:\Users\Georgy\.m2\repository\org\springframework\boot\spring-boot-autoconfigure\2.0.6.RELEASE\spring-boot-autoconfigure-2.0.6.RELEASE.jar;C:\Users\Georgy\.m2\repository\com\fasterxml\jackson\core\jackson-annotations\2.9.0\jackson-annotations-2.9.0.jar;C:\Users\Georgy\.m2\repository\com\fasterxml\jackson\core\jackson-databind\2.9.7\jackson-databind-2.9.7.jar;C:\Users\Georgy\.m2\repository\com\fasterxml\jackson\core\jackson-core\2.9.7\jackson-core-2.9.7.jar;C:\Users\Georgy\.m2\repository\org\springframework\boot\spring-boot-starter-actuator\2.0.6.RELEASE\spring-boot-starter-actuator-2.0.6.RELEASE.jar;C:\Users\Georgy\.m2\repository\org\springframework\boot\spring-boot-starter\2.0.6.RELEASE\spring-boot-starter-2.0.6.RELEASE.jar;C:\Users\Georgy\.m2\repository\org\springframework\boot\spring-boot\2.0.6.RELEASE\spring-boot-2.0.6.RELEASE.jar;C:\Users\Georgy\.m2\repository\org\springframework\boot\spring-boot-starter-logging\2.0.6.RELEASE\spring-boot-starter-logging-2.0.6.RELEASE.jar;C:\Users\Georgy\.m2\repository\ch\qos\logback\logback-classic\1.2.3\logback-classic-1.2.3.jar;C:\Users\Georgy\.m2\repository\ch\qos\logback\logback-core\1.2.3\logback-core-1.2.3.jar;C:\Users\Georgy\.m2\repository\org\apache\logging\log4j\log4j-to-slf4j\2.10.0\log4j-to-slf4j-2.10.0.jar;C:\Users\Georgy\.m2\repository\org\apache\logging\log4j\log4j-api\2.10.0\log4j-api-2.10.0.jar;C:\Users\Georgy\.m2\repository\org\slf4j\jul-to-slf4j\1.7.25\jul-to-slf4j-1.7.25.jar;C:\Users\Georgy\.m2\repository\javax\annotation\javax.annotation-api\1.3.2\javax.annotation-api-1.3.2.jar;C:\Users\Georgy\.m2\repository\org\yaml\snakeyaml\1.19\snakeyaml-1.19.jar;C:\Users\Georgy\.m2\repository\org\springframework\boot\spring-boot-actuator-autoconfigure\2.0.6.RELEASE\spring-boot-actuator-autoconfigure-2.0.6.RELEASE.jar;C:\Users\Georgy\.m2\repository\org\springframework\boot\spring-boot-actuator\2.0.6.RELEASE\spring-boot-actuator-2.0.6.RELEASE.jar;C:\Users\Georgy\.m2\repository\org\springframework\spring-context\5.0.10.RELEASE\spring-context-5.0.10.RELEASE.jar;C:\Users\Georgy\.m2\repository\com\fasterxml\jackson\datatype\jackson-datatype-jsr310\2.9.7\jackson-datatype-jsr310-2.9.7.jar;C:\Users\Georgy\.m2\repository\io\micrometer\micrometer-core\1.0.7\micrometer-core-1.0.7.jar;C:\Users\Georgy\.m2\repository\org\hdrhistogram\HdrHistogram\2.1.10\HdrHistogram-2.1.10.jar;C:\Users\Georgy\.m2\repository\org\latencyutils\LatencyUtils\2.0.3\LatencyUtils-2.0.3.jar;C:\Users\Georgy\.m2\repository\org\springframework\boot\spring-boot-starter-data-rest\2.0.6.RELEASE\spring-boot-starter-data-rest-2.0.6.RELEASE.jar;C:\Users\Georgy\.m2\repository\org\springframework\boot\spring-boot-starter-json\2.0.6.RELEASE\spring-boot-starter-json-2.0.6.RELEASE.jar;C:\Users\Georgy\.m2\repository\com\fasterxml\jackson\datatype\jackson-datatype-jdk8\2.9.7\jackson-datatype-jdk8-2.9.7.jar;C:\Users\Georgy\.m2\repository\com\fasterxml\jackson\module\jackson-module-parameter-names\2.9.7\jackson-module-parameter-names-2.9.7.jar;C:\Users\Georgy\.m2\repository\org\springframework\data\spring-data-rest-webmvc\3.0.11.RELEASE\spring-data-rest-webmvc-3.0.11.RELEASE.jar;C:\Users\Georgy\.m2\repository\org\springframework\data\spring-data-rest-core\3.0.11.RELEASE\spring-data-rest-core-3.0.11.RELEASE.jar;C:\Users\Georgy\.m2\repository\org\springframework\hateoas\spring-hateoas\0.25.0.RELEASE\spring-hateoas-0.25.0.RELEASE.jar;C:\Users\Georgy\.m2\repository\org\springframework\plugin\spring-plugin-core\1.2.0.RELEASE\spring-plugin-core-1.2.0.RELEASE.jar;C:\Users\Georgy\.m2\repository\org\atteo\evo-inflector\1.2.2\evo-inflector-1.2.2.jar;C:\Users\Georgy\.m2\repository\org\slf4j\slf4j-api\1.7.25\slf4j-api-1.7.25.jar;C:\Users\Georgy\.m2\repository\org\springframework\boot\spring-boot-starter-data-jpa\2.0.6.RELEASE\spring-boot-starter-data-jpa-2.0.6.RELEASE.jar;C:\Users\Georgy\.m2\repository\org\springframework\boot\spring-boot-starter-aop\2.0.6.RELEASE\spring-boot-starter-aop-2.0.6.RELEASE.jar;C:\Users\Georgy\.m2\repository\org\springframework\spring-aop\5.0.10.RELEASE\spring-aop-5.0.10.RELEASE.jar;C:\Users\Georgy\.m2\repository\org\aspectj\aspectjweaver\1.8.13\aspectjweaver-1.8.13.jar;C:\Users\Georgy\.m2\repository\javax\transaction\javax.transaction-api\1.2\javax.transaction-api-1.2.jar;C:\Users\Georgy\.m2\repository\org\hibernate\hibernate-core\5.2.17.Final\hibernate-core-5.2.17.Final.jar;C:\Users\Georgy\.m2\repository\org\jboss\logging\jboss-logging\3.3.2.Final\jboss-logging-3.3.2.Final.jar;C:\Users\Georgy\.m2\repository\org\hibernate\javax\persistence\hibernate-jpa-2.1-api\1.0.2.Final\hibernate-jpa-2.1-api-1.0.2.Final.jar;C:\Users\Georgy\.m2\repository\org\javassist\javassist\3.22.0-GA\javassist-3.22.0-GA.jar;C:\Users\Georgy\.m2\repository\antlr\antlr\2.7.7\antlr-2.7.7.jar;C:\Users\Georgy\.m2\repository\org\jboss\jandex\2.0.3.Final\jandex-2.0.3.Final.jar;C:\Users\Georgy\.m2\repository\com\fasterxml\classmate\1.3.4\classmate-1.3.4.jar;C:\Users\Georgy\.m2\repository\dom4j\dom4j\1.6.1\dom4j-1.6.1.jar;C:\Users\Georgy\.m2\repository\org\hibernate\common\hibernate-commons-annotations\5.0.1.Final\hibernate-commons-annotations-5.0.1.Final.jar;C:\Users\Georgy\.m2\repository\org\springframework\data\spring-data-jpa\2.0.11.RELEASE\spring-data-jpa-2.0.11.RELEASE.jar;C:\Users\Georgy\.m2\repository\org\springframework\data\spring-data-commons\2.0.11.RELEASE\spring-data-commons-2.0.11.RELEASE.jar;C:\Users\Georgy\.m2\repository\org\springframework\spring-orm\5.0.10.RELEASE\spring-orm-5.0.10.RELEASE.jar;C:\Users\Georgy\.m2\repository\org\springframework\spring-tx\5.0.10.RELEASE\spring-tx-5.0.10.RELEASE.jar;C:\Users\Georgy\.m2\repository\org\springframework\spring-beans\5.0.10.RELEASE\spring-beans-5.0.10.RELEASE.jar;C:\Users\Georgy\.m2\repository\org\springframework\spring-aspects\5.0.10.RELEASE\spring-aspects-5.0.10.RELEASE.jar;C:\Users\Georgy\.m2\repository\org\springframework\boot\spring-boot-starter-web\2.0.6.RELEASE\spring-boot-starter-web-2.0.6.RELEASE.jar;C:\Users\Georgy\.m2\repository\org\springframework\boot\spring-boot-starter-tomcat\2.0.6.RELEASE\spring-boot-starter-tomcat-2.0.6.RELEASE.jar;C:\Users\Georgy\.m2\repository\org\apache\tomcat\embed\tomcat-embed-core\8.5.34\tomcat-embed-core-8.5.34.jar;C:\Users\Georgy\.m2\repository\org\apache\tomcat\embed\tomcat-embed-el\8.5.34\tomcat-embed-el-8.5.34.jar;C:\Users\Georgy\.m2\repository\org\apache\tomcat\embed\tomcat-embed-websocket\8.5.34\tomcat-embed-websocket-8.5.34.jar;C:\Users\Georgy\.m2\repository\org\hibernate\validator\hibernate-validator\6.0.13.Final\hibernate-validator-6.0.13.Final.jar;C:\Users\Georgy\.m2\repository\javax\validation\validation-api\2.0.1.Final\validation-api-2.0.1.Final.jar;C:\Users\Georgy\.m2\repository\org\springframework\spring-web\5.0.10.RELEASE\spring-web-5.0.10.RELEASE.jar;C:\Users\Georgy\.m2\repository\org\springframework\spring-webmvc\5.0.10.RELEASE\spring-webmvc-5.0.10.RELEASE.jar;C:\Users\Georgy\.m2\repository\org\springframework\spring-expression\5.0.10.RELEASE\spring-expression-5.0.10.RELEASE.jar;C:\Users\Georgy\.m2\repository\org\springframework\boot\spring-boot-starter-test\2.0.6.RELEASE\spring-boot-starter-test-2.0.6.RELEASE.jar;C:\Users\Georgy\.m2\repository\org\springframework\boot\spring-boot-test\2.0.6.RELEASE\spring-boot-test-2.0.6.RELEASE.jar;C:\Users\Georgy\.m2\repository\org\springframework\boot\spring-boot-test-autoconfigure\2.0.6.RELEASE\spring-boot-test-autoconfigure-2.0.6.RELEASE.jar;C:\Users\Georgy\.m2\repository\com\jayway\jsonpath\json-path\2.4.0\json-path-2.4.0.jar;C:\Users\Georgy\.m2\repository\net\minidev\json-smart\2.3\json-smart-2.3.jar;C:\Users\Georgy\.m2\repository\net\minidev\accessors-smart\1.2\accessors-smart-1.2.jar;C:\Users\Georgy\.m2\repository\org\ow2\asm\asm\5.0.4\asm-5.0.4.jar;C:\Users\Georgy\.m2\repository\junit\junit\4.12\junit-4.12.jar;C:\Users\Georgy\.m2\repository\org\assertj\assertj-core\3.9.1\assertj-core-3.9.1.jar;C:\Users\Georgy\.m2\repository\org\mockito\mockito-core\2.15.0\mockito-core-2.15.0.jar;C:\Users\Georgy\.m2\repository\net\bytebuddy\byte-buddy\1.7.11\byte-buddy-1.7.11.jar;C:\Users\Georgy\.m2\repository\net\bytebuddy\byte-buddy-agent\1.7.11\byte-buddy-agent-1.7.11.jar;C:\Users\Georgy\.m2\repository\org\objenesis\objenesis\2.6\objenesis-2.6.jar;C:\Users\Georgy\.m2\repository\org\hamcrest\hamcrest-core\1.3\hamcrest-core-1.3.jar;C:\Users\Georgy\.m2\repository\org\hamcrest\hamcrest-library\1.3\hamcrest-library-1.3.jar;C:\Users\Georgy\.m2\repository\org\skyscreamer\jsonassert\1.5.0\jsonassert-1.5.0.jar;C:\Users\Georgy\.m2\repository\com\vaadin\external\google\android-json\0.0.20131108.vaadin1\android-json-0.0.20131108.vaadin1.jar;C:\Users\Georgy\.m2\repository\org\springframework\spring-core\5.0.10.RELEASE\spring-core-5.0.10.RELEASE.jar;C:\Users\Georgy\.m2\repository\org\springframework\spring-jcl\5.0.10.RELEASE\spring-jcl-5.0.10.RELEASE.jar;C:\Users\Georgy\.m2\repository\org\springframework\spring-test\5.0.10.RELEASE\spring-test-5.0.10.RELEASE.jar;C:\Users\Georgy\.m2\repository\org\xmlunit\xmlunit-core\2.5.1\xmlunit-core-2.5.1.jar;, java.specification.name=Java Platform API Specification, java.class.version=52.0, sun.management.compiler=HotSpot 64-Bit Tiered Compilers, os.version=6.1, user.home=C:\Users\Georgy, user.timezone=Europe/Moscow, java.awt.printerjob=sun.awt.windows.WPrinterJob, file.encoding=Cp1251, java.specification.version=1.8, java.class.path=D:\Programming\Angular-Java Website\JBackend\display_content\target\test-classes;D:\Programming\Angular-Java Website\JBackend\display_content\target\classes;D:\Programming\Angular-Java Website\JBackend\cfg\target\cfg-0.0.1-SNAPSHOT.jar;C:\Users\Georgy\.m2\repository\org\springframework\boot\spring-boot-starter-jdbc\2.0.6.RELEASE\spring-boot-starter-jdbc-2.0.6.RELEASE.jar;C:\Users\Georgy\.m2\repository\com\zaxxer\HikariCP\2.7.9\HikariCP-2.7.9.jar;C:\Users\Georgy\.m2\repository\org\springframework\spring-jdbc\5.0.10.RELEASE\spring-jdbc-5.0.10.RELEASE.jar;C:\Users\Georgy\.m2\repository\org\postgresql\postgresql\42.2.5\postgresql-42.2.5.jar;C:\Users\Georgy\.m2\repository\org\springframework\cloud\spring-cloud-starter-config\2.0.2.RELEASE\spring-cloud-starter-config-2.0.2.RELEASE.jar;C:\Users\Georgy\.m2\repository\org\springframework\cloud\spring-cloud-starter\2.0.2.RELEASE\spring-cloud-starter-2.0.2.RELEASE.jar;C:\Users\Georgy\.m2\repository\org\springframework\cloud\spring-cloud-context\2.0.2.RELEASE\spring-cloud-context-2.0.2.RELEASE.jar;C:\Users\Georgy\.m2\repository\org\springframework\security\spring-security-crypto\5.0.9.RELEASE\spring-security-crypto-5.0.9.RELEASE.jar;C:\Users\Georgy\.m2\repository\org\springframework\cloud\spring-cloud-commons\2.0.2.RELEASE\spring-cloud-commons-2.0.2.RELEASE.jar;C:\Users\Georgy\.m2\repository\org\springframework\security\spring-security-rsa\1.0.7.RELEASE\spring-security-rsa-1.0.7.RELEASE.jar;C:\Users\Georgy\.m2\repository\org\bouncycastle\bcpkix-jdk15on\1.60\bcpkix-jdk15on-1.60.jar;C:\Users\Georgy\.m2\repository\org\bouncycastle\bcprov-jdk15on\1.60\bcprov-jdk15on-1.60.jar;C:\Users\Georgy\.m2\repository\org\springframework\cloud\spring-cloud-config-client\2.0.2.RELEASE\spring-cloud-config-client-2.0.2.RELEASE.jar;C:\Users\Georgy\.m2\repository\org\springframework\boot\spring-boot-autoconfigure\2.0.6.RELEASE\spring-boot-autoconfigure-2.0.6.RELEASE.jar;C:\Users\Georgy\.m2\repository\com\fasterxml\jackson\core\jackson-annotations\2.9.0\jackson-annotations-2.9.0.jar;C:\Users\Georgy\.m2\repository\com\fasterxml\jackson\core\jackson-databind\2.9.7\jackson-databind-2.9.7.jar;C:\Users\Georgy\.m2\repository\com\fasterxml\jackson\core\jackson-core\2.9.7\jackson-core-2.9.7.jar;C:\Users\Georgy\.m2\repository\org\springframework\boot\spring-boot-starter-actuator\2.0.6.RELEASE\spring-boot-starter-actuator-2.0.6.RELEASE.jar;C:\Users\Georgy\.m2\repository\org\springframework\boot\spring-boot-starter\2.0.6.RELEASE\spring-boot-starter-2.0.6.RELEASE.jar;C:\Users\Georgy\.m2\repository\org\springframework\boot\spring-boot\2.0.6.RELEASE\spring-boot-2.0.6.RELEASE.jar;C:\Users\Georgy\.m2\repository\org\springframework\boot\spring-boot-starter-logging\2.0.6.RELEASE\spring-boot-starter-logging-2.0.6.RELEASE.jar;C:\Users\Georgy\.m2\repository\ch\qos\logback\logback-classic\1.2.3\logback-classic-1.2.3.jar;C:\Users\Georgy\.m2\repository\ch\qos\logback\logback-core\1.2.3\logback-core-1.2.3.jar;C:\Users\Georgy\.m2\repository\org\apache\logging\log4j\log4j-to-slf4j\2.10.0\log4j-to-slf4j-2.10.0.jar;C:\Users\Georgy\.m2\repository\org\apache\logging\log4j\log4j-api\2.10.0\log4j-api-2.10.0.jar;C:\Users\Georgy\.m2\repository\org\slf4j\jul-to-slf4j\1.7.25\jul-to-slf4j-1.7.25.jar;C:\Users\Georgy\.m2\repository\javax\annotation\javax.annotation-api\1.3.2\javax.annotation-api-1.3.2.jar;C:\Users\Georgy\.m2\repository\org\yaml\snakeyaml\1.19\snakeyaml-1.19.jar;C:\Users\Georgy\.m2\repository\org\springframework\boot\spring-boot-actuator-autoconfigure\2.0.6.RELEASE\spring-boot-actuator-autoconfigure-2.0.6.RELEASE.jar;C:\Users\Georgy\.m2\repository\org\springframework\boot\spring-boot-actuator\2.0.6.RELEASE\spring-boot-actuator-2.0.6.RELEASE.jar;C:\Users\Georgy\.m2\repository\org\springframework\spring-context\5.0.10.RELEASE\spring-context-5.0.10.RELEASE.jar;C:\Users\Georgy\.m2\repository\com\fasterxml\jackson\datatype\jackson-datatype-jsr310\2.9.7\jackson-datatype-jsr310-2.9.7.jar;C:\Users\Georgy\.m2\repository\io\micrometer\micrometer-core\1.0.7\micrometer-core-1.0.7.jar;C:\Users\Georgy\.m2\repository\org\hdrhistogram\HdrHistogram\2.1.10\HdrHistogram-2.1.10.jar;C:\Users\Georgy\.m2\repository\org\latencyutils\LatencyUtils\2.0.3\LatencyUtils-2.0.3.jar;C:\Users\Georgy\.m2\repository\org\springframework\boot\spring-boot-starter-data-rest\2.0.6.RELEASE\spring-boot-starter-data-rest-2.0.6.RELEASE.jar;C:\Users\Georgy\.m2\repository\org\springframework\boot\spring-boot-starter-json\2.0.6.RELEASE\spring-boot-starter-json-2.0.6.RELEASE.jar;C:\Users\Georgy\.m2\repository\com\fasterxml\jackson\datatype\jackson-datatype-jdk8\2.9.7\jackson-datatype-jdk8-2.9.7.jar;C:\Users\Georgy\.m2\repository\com\fasterxml\jackson\module\jackson-module-parameter-names\2.9.7\jackson-module-parameter-names-2.9.7.jar;C:\Users\Georgy\.m2\repository\org\springframework\data\spring-data-rest-webmvc\3.0.11.RELEASE\spring-data-rest-webmvc-3.0.11.RELEASE.jar;C:\Users\Georgy\.m2\repository\org\springframework\data\spring-data-rest-core\3.0.11.RELEASE\spring-data-rest-core-3.0.11.RELEASE.jar;C:\Users\Georgy\.m2\repository\org\springframework\hateoas\spring-hateoas\0.25.0.RELEASE\spring-hateoas-0.25.0.RELEASE.jar;C:\Users\Georgy\.m2\repository\org\springframework\plugin\spring-plugin-core\1.2.0.RELEASE\spring-plugin-core-1.2.0.RELEASE.jar;C:\Users\Georgy\.m2\repository\org\atteo\evo-inflector\1.2.2\evo-inflector-1.2.2.jar;C:\Users\Georgy\.m2\repository\org\slf4j\slf4j-api\1.7.25\slf4j-api-1.7.25.jar;C:\Users\Georgy\.m2\repository\org\springframework\boot\spring-boot-starter-data-jpa\2.0.6.RELEASE\spring-boot-starter-data-jpa-2.0.6.RELEASE.jar;C:\Users\Georgy\.m2\repository\org\springframework\boot\spring-boot-starter-aop\2.0.6.RELEASE\spring-boot-starter-aop-2.0.6.RELEASE.jar;C:\Users\Georgy\.m2\repository\org\springframework\spring-aop\5.0.10.RELEASE\spring-aop-5.0.10.RELEASE.jar;C:\Users\Georgy\.m2\repository\org\aspectj\aspectjweaver\1.8.13\aspectjweaver-1.8.13.jar;C:\Users\Georgy\.m2\repository\javax\transaction\javax.transaction-api\1.2\javax.transaction-api-1.2.jar;C:\Users\Georgy\.m2\repository\org\hibernate\hibernate-core\5.2.17.Final\hibernate-core-5.2.17.Final.jar;C:\Users\Georgy\.m2\repository\org\jboss\logging\jboss-logging\3.3.2.Final\jboss-logging-3.3.2.Final.jar;C:\Users\Georgy\.m2\repository\org\hibernate\javax\persistence\hibernate-jpa-2.1-api\1.0.2.Final\hibernate-jpa-2.1-api-1.0.2.Final.jar;C:\Users\Georgy\.m2\repository\org\javassist\javassist\3.22.0-GA\javassist-3.22.0-GA.jar;C:\Users\Georgy\.m2\repository\antlr\antlr\2.7.7\antlr-2.7.7.jar;C:\Users\Georgy\.m2\repository\org\jboss\jandex\2.0.3.Final\jandex-2.0.3.Final.jar;C:\Users\Georgy\.m2\repository\com\fasterxml\classmate\1.3.4\classmate-1.3.4.jar;C:\Users\Georgy\.m2\repository\dom4j\dom4j\1.6.1\dom4j-1.6.1.jar;C:\Users\Georgy\.m2\repository\org\hibernate\common\hibernate-commons-annotations\5.0.1.Final\hibernate-commons-annotations-5.0.1.Final.jar;C:\Users\Georgy\.m2\repository\org\springframework\data\spring-data-jpa\2.0.11.RELEASE\spring-data-jpa-2.0.11.RELEASE.jar;C:\Users\Georgy\.m2\repository\org\springframework\data\spring-data-commons\2.0.11.RELEASE\spring-data-commons-2.0.11.RELEASE.jar;C:\Users\Georgy\.m2\repository\org\springframework\spring-orm\5.0.10.RELEASE\spring-orm-5.0.10.RELEASE.jar;C:\Users\Georgy\.m2\repository\org\springframework\spring-tx\5.0.10.RELEASE\spring-tx-5.0.10.RELEASE.jar;C:\Users\Georgy\.m2\repository\org\springframework\spring-beans\5.0.10.RELEASE\spring-beans-5.0.10.RELEASE.jar;C:\Users\Georgy\.m2\repository\org\springframework\spring-aspects\5.0.10.RELEASE\spring-aspects-5.0.10.RELEASE.jar;C:\Users\Georgy\.m2\repository\org\springframework\boot\spring-boot-starter-web\2.0.6.RELEASE\spring-boot-starter-web-2.0.6.RELEASE.jar;C:\Users\Georgy\.m2\repository\org\springframework\boot\spring-boot-starter-tomcat\2.0.6.RELEASE\spring-boot-starter-tomcat-2.0.6.RELEASE.jar;C:\Users\Georgy\.m2\repository\org\apache\tomcat\embed\tomcat-embed-core\8.5.34\tomcat-embed-core-8.5.34.jar;C:\Users\Georgy\.m2\repository\org\apache\tomcat\embed\tomcat-embed-el\8.5.34\tomcat-embed-el-8.5.34.jar;C:\Users\Georgy\.m2\repository\org\apache\tomcat\embed\tomcat-embed-websocket\8.5.34\tomcat-embed-websocket-8.5.34.jar;C:\Users\Georgy\.m2\repository\org\hibernate\validator\hibernate-validator\6.0.13.Final\hibernate-validator-6.0.13.Final.jar;C:\Users\Georgy\.m2\repository\javax\validation\validation-api\2.0.1.Final\validation-api-2.0.1.Final.jar;C:\Users\Georgy\.m2\repository\org\springframework\spring-web\5.0.10.RELEASE\spring-web-5.0.10.RELEASE.jar;C:\Users\Georgy\.m2\repository\org\springframework\spring-webmvc\5.0.10.RELEASE\spring-webmvc-5.0.10.RELEASE.jar;C:\Users\Georgy\.m2\repository\org\springframework\spring-expression\5.0.10.RELEASE\spring-expression-5.0.10.RELEASE.jar;C:\Users\Georgy\.m2\repository\org\springframework\boot\spring-boot-starter-test\2.0.6.RELEASE\spring-boot-starter-test-2.0.6.RELEASE.jar;C:\Users\Georgy\.m2\repository\org\springframework\boot\spring-boot-test\2.0.6.RELEASE\spring-boot-test-2.0.6.RELEASE.jar;C:\Users\Georgy\.m2\repository\org\springframework\boot\spring-boot-test-autoconfigure\2.0.6.RELEASE\spring-boot-test-autoconfigure-2.0.6.RELEASE.jar;C:\Users\Georgy\.m2\repository\com\jayway\jsonpath\json-path\2.4.0\json-path-2.4.0.jar;C:\Users\Georgy\.m2\repository\net\minidev\json-smart\2.3\json-smart-2.3.jar;C:\Users\Georgy\.m2\repository\net\minidev\accessors-smart\1.2\accessors-smart-1.2.jar;C:\Users\Georgy\.m2\repository\org\ow2\asm\asm\5.0.4\asm-5.0.4.jar;C:\Users\Georgy\.m2\repository\junit\junit\4.12\junit-4.12.jar;C:\Users\Georgy\.m2\repository\org\assertj\assertj-core\3.9.1\assertj-core-3.9.1.jar;C:\Users\Georgy\.m2\repository\org\mockito\mockito-core\2.15.0\mockito-core-2.15.0.jar;C:\Users\Georgy\.m2\repository\net\bytebuddy\byte-buddy\1.7.11\byte-buddy-1.7.11.jar;C:\Users\Georgy\.m2\repository\net\bytebuddy\byte-buddy-agent\1.7.11\byte-buddy-agent-1.7.11.jar;C:\Users\Georgy\.m2\repository\org\objenesis\objenesis\2.6\objenesis-2.6.jar;C:\Users\Georgy\.m2\repository\org\hamcrest\hamcrest-core\1.3\hamcrest-core-1.3.jar;C:\Users\Georgy\.m2\repository\org\hamcrest\hamcrest-library\1.3\hamcrest-library-1.3.jar;C:\Users\Georgy\.m2\repository\org\skyscreamer\jsonassert\1.5.0\jsonassert-1.5.0.jar;C:\Users\Georgy\.m2\repository\com\vaadin\external\google\android-json\0.0.20131108.vaadin1\android-json-0.0.20131108.vaadin1.jar;C:\Users\Georgy\.m2\repository\org\springframework\spring-core\5.0.10.RELEASE\spring-core-5.0.10.RELEASE.jar;C:\Users\Georgy\.m2\repository\org\springframework\spring-jcl\5.0.10.RELEASE\spring-jcl-5.0.10.RELEASE.jar;C:\Users\Georgy\.m2\repository\org\springframework\spring-test\5.0.10.RELEASE\spring-test-5.0.10.RELEASE.jar;C:\Users\Georgy\.m2\repository\org\xmlunit\xmlunit-core\2.5.1\xmlunit-core-2.5.1.jar;, user.name=Georgy, java.vm.specification.version=1.8, sun.java.command=C:\Users\Georgy\AppData\Local\Temp\surefire1640098658193446591\surefirebooter7258298663709276375.jar C:\Users\Georgy\AppData\Local\Temp\surefire1640098658193446591 2018-11-19T09-28-19_290-jvmRun1 surefire6107031718274406442tmp surefire_06718555561586224099tmp, java.home=C:\Program Files\Java\jdk1.8.0_172\jre, sun.arch.data.model=64, user.language=ru, java.specification.vendor=Oracle Corporation, awt.toolkit=sun.awt.windows.WToolkit, java.vm.info=mixed mode, java.version=1.8.0_172, java.ext.dirs=C:\Program Files\Java\jdk1.8.0_172\jre\lib\ext;C:\Windows\Sun\Java\lib\ext, sun.boot.class.path=C:\Program Files\Java\jdk1.8.0_172\jre\lib\resources.jar;C:\Program Files\Java\jdk1.8.0_172\jre\lib\rt.jar;C:\Program Files\Java\jdk1.8.0_172\jre\lib\sunrsasign.jar;C:\Program Files\Java\jdk1.8.0_172\jre\lib\jsse.jar;C:\Program Files\Java\jdk1.8.0_172\jre\lib\jce.jar;C:\Program Files\Java\jdk1.8.0_172\jre\lib\charsets.jar;C:\Program Files\Java\jdk1.8.0_172\jre\lib\jfr.jar;C:\Program Files\Java\jdk1.8.0_172\jre\classes, java.vendor=Oracle Corporation, localRepository=C:\Users\Georgy\.m2\repository, file.separator=\, java.vendor.url.bug=http://bugreport.sun.com/bugreport/, sun.io.unicode.encoding=UnicodeLittle, sun.cpu.endian=little, sun.desktop=windows, sun.cpu.isalist=amd64}}, SystemEnvironmentPropertySource@1311146128 {name='systemEnvironment', properties={PATH=C:\Program Files (x86)\Common Files\Oracle\Java\javapath;C:\Program Files (x86)\Common Files\Intel\Shared Libraries\redist\intel64\compiler;C:\Program Files (x86)\Common Files\Intel\Shared Libraries\redist\ia32\compiler;C:\Windows\system32;C:\Windows;C:\Windows\System32\Wbem;C:\Windows\System32\WindowsPowerShell\v1.0\;C:\Program Files\Intel\WiFi\bin\;C:\Program Files\Common Files\Intel\WirelessCommon\;C:\Program Files (x86)\NVIDIA Corporation\PhysX\Common;C:\Program Files\dotnet\;C:\Program Files\Microsoft SQL Server\130\Tools\Binn\;D:\Installed\NodeJS\;C:\Program Files\Git\cmd;C:\Program Files\Intel\WiFi\bin\;C:\Program Files\Common Files\Intel\WirelessCommon\;C:\Users\Georgy\AppData\Roaming\npm;D:\Installed\Microsoft VS Code\bin;D:\Installed\Microsoft VS Code\bin;D:\Programming\Java\Gradle\bin;D:\Programming\Java\Maven\apache-maven-3.5.4\bin;D:\Programming\cURL\installator\curl-7.61.1-win64-mingw\bin, OPENSSL_CONF=D:\Programming\PostGREs installed\odbcDriver\etc\openssl.cnf, LOCALAPPDATA=C:\Users\Georgy\AppData\Local, PROCESSOR_LEVEL=6, SYSTEMDRIVE=C:, COMMONPROGRAMFILES(X86)=C:\Program Files (x86)\Common Files, FP_NO_HOST_CHECK=NO, USERDOMAIN=JOkELittleWorld, LOGONSERVER=\\JOKELITTLEWORLD, JAVA_HOME=C:\Program Files (x86)\Java\jdk1.8.0_172, PROMPT=$P$G, FSHARPINSTALLDIR=C:\Program Files (x86)\Microsoft SDKs\F#\10.1\Framework\v4.0\, SESSIONNAME=Console, ALLUSERSPROFILE=C:\ProgramData, PROGRAMFILES(X86)=C:\Program Files (x86), INTEL_DEV_REDIST=C:\Program Files (x86)\Common Files\Intel\Shared Libraries\, PROCESSOR_ARCHITECTURE=AMD64, MIC_LD_LIBRARY_PATH=C:\Program Files (x86)\Common Files\Intel\Shared Libraries\compiler\lib\mic, =G:=G:\, JRE_HOME=D:\Programming\Java\jre1.8, =E:=E:\, PROGRAMFILES=C:\Program Files, WINDOWS_TRACING_FLAGS=3, APPDATA=C:\Users\Georgy\AppData\Roaming, PSMODULEPATH=C:\Windows\system32\WindowsPowerShell\v1.0\Modules\, PROGRAMW6432=C:\Program Files, PROGRAMDATA=C:\ProgramData, SYSTEMROOT=C:\Windows, USERNAME=Georgy, PATHEXT=.COM;.EXE;.BAT;.CMD;.VBS;.VBE;.JS;.JSE;.WSF;.WSH;.MSC, OS=Windows_NT, COMMONPROGRAMW6432=C:\Program Files\Common Files, COMPUTERNAME=JOKELITTLEWORLD, COMMONPROGRAMFILES=C:\Program Files\Common Files, COMSPEC=C:\Windows\system32\cmd.exe, PROCESSOR_REVISION=3d04, WINDIR=C:\Windows, =D:=D:\Programming\Angular-Java Website\JBackend\display_content, HOMEPATH=\Users\Georgy, TEMP=C:\Users\Georgy\AppData\Local\Temp, HOMEDRIVE=C:, PROCESSOR_IDENTIFIER=Intel64 Family 6 Model 61 Stepping 4, GenuineIntel, USERPROFILE=C:\Users\Georgy, TMP=C:\Users\Georgy\AppData\Local\Temp, WINDOWS_TRACING_LOGFILE=C:\BVTBin\Tests\installpackage\csilogfile.log, PUBLIC=C:\Users\Public, NUMBER_OF_PROCESSORS=4, =::=::\}}]
09:29:08.402 [main] DEBUG org.springframework.test.context.support.TestPropertySourceUtils - Adding inlined properties to environment: {spring.jmx.enabled=false, org.springframework.boot.test.context.SpringBootTestContextBootstrapper=true, server.port=-1}
09:29:08.402 [main] DEBUG org.springframework.core.env.StandardEnvironment - Adding PropertySource 'Inlined Test Properties' with highest search precedence
2018-11-19 09:29:10.309  INFO 10508 --- [           main] s.c.a.AnnotationConfigApplicationContext : Refreshing org.springframework.context.annotation.AnnotationConfigApplicationContext@18317edc: startup date [Mon Nov 19 09:29:10 MSK 2018]; root of context hierarchy
2018-11-19 09:29:10.764  INFO 10508 --- [           main] trationDelegate$BeanPostProcessorChecker : Bean 'configurationPropertiesRebinderAutoConfiguration' of type [org.springframework.cloud.autoconfigure.ConfigurationPropertiesRebinderAutoConfiguration$$EnhancerBySpringCGLIB$$15059ce5] is not eligible for getting processed by all BeanPostProcessors (for example: not eligible for auto-proxying)

  .   ____          _            __ _ _
 /\\ / ___'_ __ _ _(_)_ __  __ _ \ \ \ \
( ( )\___ | '_ | '_| | '_ \/ _` | \ \ \ \
 \\/  ___)| |_)| | | | | || (_| |  ) ) ) )
  '  |____| .__|_| |_|_| |_\__, | / / / /
 =========|_|==============|___/=/_/_/_/
 :: Spring Boot ::        (v2.0.6.RELEASE)

2018-11-19 09:29:11.292  INFO 10508 --- [           main] c.c.c.ConfigServicePropertySourceLocator : Fetching config from server at : http://localhost:8001
2018-11-19 09:29:12.472  INFO 10508 --- [           main] c.c.c.ConfigServicePropertySourceLocator : Connect Timeout Exception on Url - http://localhost:8001. Will be trying the next url if available
2018-11-19 09:29:12.472  WARN 10508 --- [           main] c.c.c.ConfigServicePropertySourceLocator : Could not locate PropertySource: I/O error on GET request for "http://localhost:8001/display_content/default": Connection refused: connect; nested exception is java.net.ConnectException: Connection refused: connect
2018-11-19 09:29:12.492  INFO 10508 --- [           main] c.j.d.DisplayContentApplicationTests     : No active profile set, falling back to default profiles: default
2018-11-19 09:29:12.512  INFO 10508 --- [           main] o.s.w.c.s.GenericWebApplicationContext   : Refreshing org.springframework.web.context.support.GenericWebApplicationContext@549949be: startup date [Mon Nov 19 09:29:12 MSK 2018]; parent: org.springframework.context.annotation.AnnotationConfigApplicationContext@18317edc
2018-11-19 09:29:14.369  INFO 10508 --- [           main] o.s.b.f.s.DefaultListableBeanFactory     : Overriding bean definition for bean 'dataSource' with a different definition: replacing [Root bean: class [null]; scope=refresh; abstract=false; lazyInit=false; autowireMode=3; dependencyCheck=0; autowireCandidate=false; primary=false; factoryBeanName=org.springframework.boot.autoconfigure.jdbc.DataSourceConfiguration$Hikari; factoryMethodName=dataSource; initMethodName=null; destroyMethodName=(inferred); defined in class path resource [org/springframework/boot/autoconfigure/jdbc/DataSourceConfiguration$Hikari.class]] with [Root bean: class [org.springframework.aop.scope.ScopedProxyFactoryBean]; scope=; abstract=false; lazyInit=false; autowireMode=0; dependencyCheck=0; autowireCandidate=true; primary=false; factoryBeanName=null; factoryMethodName=null; initMethodName=null; destroyMethodName=null; defined in BeanDefinition defined in class path resource [org/springframework/boot/autoconfigure/jdbc/DataSourceConfiguration$Hikari.class]]
2018-11-19 09:29:14.847  INFO 10508 --- [           main] o.s.cloud.context.scope.GenericScope     : BeanFactory id=77e3c981-96cb-3c43-9ff9-b3a9810fd0f7
2018-11-19 09:29:15.400  INFO 10508 --- [           main] trationDelegate$BeanPostProcessorChecker : Bean 'org.springframework.transaction.annotation.ProxyTransactionManagementConfiguration' of type [org.springframework.transaction.annotation.ProxyTransactionManagementConfiguration$$EnhancerBySpringCGLIB$$f8eb99e8] is not eligible for getting processed by all BeanPostProcessors (for example: not eligible for auto-proxying)
2018-11-19 09:29:15.460  INFO 10508 --- [           main] trationDelegate$BeanPostProcessorChecker : Bean 'org.springframework.hateoas.config.HateoasConfiguration' of type [org.springframework.hateoas.config.HateoasConfiguration$$EnhancerBySpringCGLIB$$786be71a] is not eligible for getting processed by all BeanPostProcessors (for example: not eligible for auto-proxying)
2018-11-19 09:29:15.495  INFO 10508 --- [           main] trationDelegate$BeanPostProcessorChecker : Bean 'org.springframework.cloud.autoconfigure.ConfigurationPropertiesRebinderAutoConfiguration' of type [org.springframework.cloud.autoconfigure.ConfigurationPropertiesRebinderAutoConfiguration$$EnhancerBySpringCGLIB$$15059ce5] is not eligible for getting processed by all BeanPostProcessors (for example: not eligible for auto-proxying)
2018-11-19 09:29:16.232  INFO 10508 --- [           main] com.zaxxer.hikari.HikariDataSource       : HikariPool-1 - Starting...
2018-11-19 09:29:16.512  INFO 10508 --- [           main] com.zaxxer.hikari.HikariDataSource       : HikariPool-1 - Start completed.
2018-11-19 09:29:16.597  INFO 10508 --- [           main] j.LocalContainerEntityManagerFactoryBean : Building JPA container EntityManagerFactory for persistence unit 'default'
2018-11-19 09:29:16.642  INFO 10508 --- [           main] o.hibernate.jpa.internal.util.LogHelper  : HHH000204: Processing PersistenceUnitInfo [
	name: default
	...]
2018-11-19 09:29:16.850  INFO 10508 --- [           main] org.hibernate.Version                    : HHH000412: Hibernate Core {5.2.17.Final}
2018-11-19 09:29:16.852  INFO 10508 --- [           main] org.hibernate.cfg.Environment            : HHH000206: hibernate.properties not found
2018-11-19 09:29:16.975  INFO 10508 --- [           main] o.hibernate.annotations.common.Version   : HCANN000001: Hibernate Commons Annotations {5.0.1.Final}
2018-11-19 09:29:17.280  INFO 10508 --- [           main] org.hibernate.dialect.Dialect            : HHH000400: Using dialect: org.hibernate.dialect.PostgreSQL9Dialect
2018-11-19 09:29:17.492  INFO 10508 --- [           main] o.h.e.j.e.i.LobCreatorBuilderImpl        : HHH000421: Disabling contextual LOB creation as hibernate.jdbc.lob.non_contextual_creation is true
2018-11-19 09:29:17.495  INFO 10508 --- [           main] org.hibernate.type.BasicTypeRegistry     : HHH000270: Type registration [java.util.UUID] overrides previous : org.hibernate.type.UUIDBinaryType@3887c7d7
2018-11-19 09:29:18.185  INFO 10508 --- [           main] j.LocalContainerEntityManagerFactoryBean : Initialized JPA EntityManagerFactory for persistence unit 'default'
2018-11-19 09:29:18.242  WARN 10508 --- [           main] o.s.w.c.s.GenericWebApplicationContext   : Exception encountered during context initialization - cancelling refresh attempt: org.springframework.beans.factory.UnsatisfiedDependencyException: Error creating bean with name 'fullInfoDisplay' defined in file [D:\Programming\Angular-Java Website\JBackend\display_content\target\classes\com\jeorgius\display_content\Controller\Logic\FullInfoDisplay.class]: Unsatisfied dependency expressed through constructor parameter 0; nested exception is org.springframework.beans.factory.UnsatisfiedDependencyException: Error creating bean with name 'validateInput' defined in file [D:\Programming\Angular-Java Website\JBackend\display_content\target\classes\com\jeorgius\display_content\Controller\Logic\ValidateInput.class]: Unsatisfied dependency expressed through constructor parameter 0; nested exception is org.springframework.beans.factory.NoSuchBeanDefinitionException: No qualifying bean of type 'com.jeorgius.cfg.Repos.UserRepo' available: expected at least 1 bean which qualifies as autowire candidate. Dependency annotations: {}
2018-11-19 09:29:18.242  INFO 10508 --- [           main] j.LocalContainerEntityManagerFactoryBean : Closing JPA EntityManagerFactory for persistence unit 'default'
2018-11-19 09:29:18.245  INFO 10508 --- [           main] com.zaxxer.hikari.HikariDataSource       : HikariPool-1 - Shutdown initiated...
2018-11-19 09:29:18.262  INFO 10508 --- [           main] com.zaxxer.hikari.HikariDataSource       : HikariPool-1 - Shutdown completed.
2018-11-19 09:29:18.297  INFO 10508 --- [           main] ConditionEvaluationReportLoggingListener : 

Error starting ApplicationContext. To display the conditions report re-run your application with 'debug' enabled.
2018-11-19 09:29:18.720 ERROR 10508 --- [           main] o.s.b.d.LoggingFailureAnalysisReporter   : 

***************************
APPLICATION FAILED TO START
***************************

Description:

Parameter 0 of constructor in com.jeorgius.display_content.Controller.Logic.ValidateInput required a bean of type 'com.jeorgius.cfg.Repos.UserRepo' that could not be found.


Action:

Consider defining a bean of type 'com.jeorgius.cfg.Repos.UserRepo' in your configuration.

2018-11-19 09:29:18.727 ERROR 10508 --- [           main] o.s.test.context.TestContextManager      : Caught exception while allowing TestExecutionListener [org.springframework.test.context.web.ServletTestExecutionListener@33c911a1] to prepare test instance [com.jeorgius.display_content.DisplayContentApplicationTests@7e77678c]

java.lang.IllegalStateException: Failed to load ApplicationContext
	at org.springframework.test.context.cache.DefaultCacheAwareContextLoaderDelegate.loadContext(DefaultCacheAwareContextLoaderDelegate.java:125) ~[spring-test-5.0.10.RELEASE.jar:5.0.10.RELEASE]
	at org.springframework.test.context.support.DefaultTestContext.getApplicationContext(DefaultTestContext.java:108) ~[spring-test-5.0.10.RELEASE.jar:5.0.10.RELEASE]
	at org.springframework.test.context.web.ServletTestExecutionListener.setUpRequestContextIfNecessary(ServletTestExecutionListener.java:190) ~[spring-test-5.0.10.RELEASE.jar:5.0.10.RELEASE]
	at org.springframework.test.context.web.ServletTestExecutionListener.prepareTestInstance(ServletTestExecutionListener.java:132) ~[spring-test-5.0.10.RELEASE.jar:5.0.10.RELEASE]
	at org.springframework.test.context.TestContextManager.prepareTestInstance(TestContextManager.java:246) ~[spring-test-5.0.10.RELEASE.jar:5.0.10.RELEASE]
	at org.springframework.test.context.junit4.SpringJUnit4ClassRunner.createTest(SpringJUnit4ClassRunner.java:227) [spring-test-5.0.10.RELEASE.jar:5.0.10.RELEASE]
	at org.springframework.test.context.junit4.SpringJUnit4ClassRunner$1.runReflectiveCall(SpringJUnit4ClassRunner.java:289) [spring-test-5.0.10.RELEASE.jar:5.0.10.RELEASE]
	at org.junit.internal.runners.model.ReflectiveCallable.run(ReflectiveCallable.java:12) [junit-4.12.jar:4.12]
	at org.springframework.test.context.junit4.SpringJUnit4ClassRunner.methodBlock(SpringJUnit4ClassRunner.java:291) [spring-test-5.0.10.RELEASE.jar:5.0.10.RELEASE]
	at org.springframework.test.context.junit4.SpringJUnit4ClassRunner.runChild(SpringJUnit4ClassRunner.java:246) [spring-test-5.0.10.RELEASE.jar:5.0.10.RELEASE]
	at org.springframework.test.context.junit4.SpringJUnit4ClassRunner.runChild(SpringJUnit4ClassRunner.java:97) [spring-test-5.0.10.RELEASE.jar:5.0.10.RELEASE]
	at org.junit.runners.ParentRunner$3.run(ParentRunner.java:290) [junit-4.12.jar:4.12]
	at org.junit.runners.ParentRunner$1.schedule(ParentRunner.java:71) [junit-4.12.jar:4.12]
	at org.junit.runners.ParentRunner.runChildren(ParentRunner.java:288) [junit-4.12.jar:4.12]
	at org.junit.runners.ParentRunner.access$000(ParentRunner.java:58) [junit-4.12.jar:4.12]
	at org.junit.runners.ParentRunner$2.evaluate(ParentRunner.java:268) [junit-4.12.jar:4.12]
	at org.springframework.test.context.junit4.statements.RunBeforeTestClassCallbacks.evaluate(RunBeforeTestClassCallbacks.java:61) [spring-test-5.0.10.RELEASE.jar:5.0.10.RELEASE]
	at org.springframework.test.context.junit4.statements.RunAfterTestClassCallbacks.evaluate(RunAfterTestClassCallbacks.java:70) [spring-test-5.0.10.RELEASE.jar:5.0.10.RELEASE]
	at org.junit.runners.ParentRunner.run(ParentRunner.java:363) [junit-4.12.jar:4.12]
	at org.springframework.test.context.junit4.SpringJUnit4ClassRunner.run(SpringJUnit4ClassRunner.java:190) [spring-test-5.0.10.RELEASE.jar:5.0.10.RELEASE]
	at org.apache.maven.surefire.junit4.JUnit4Provider.execute(JUnit4Provider.java:365) [surefire-junit4-2.21.0.jar:2.21.0]
	at org.apache.maven.surefire.junit4.JUnit4Provider.executeWithRerun(JUnit4Provider.java:273) [surefire-junit4-2.21.0.jar:2.21.0]
	at org.apache.maven.surefire.junit4.JUnit4Provider.executeTestSet(JUnit4Provider.java:238) [surefire-junit4-2.21.0.jar:2.21.0]
	at org.apache.maven.surefire.junit4.JUnit4Provider.invoke(JUnit4Provider.java:159) [surefire-junit4-2.21.0.jar:2.21.0]
	at org.apache.maven.surefire.booter.ForkedBooter.invokeProviderInSameClassLoader(ForkedBooter.java:379) [surefire-booter-2.21.0.jar:2.21.0]
	at org.apache.maven.surefire.booter.ForkedBooter.runSuitesInProcess(ForkedBooter.java:340) [surefire-booter-2.21.0.jar:2.21.0]
	at org.apache.maven.surefire.booter.ForkedBooter.execute(ForkedBooter.java:125) [surefire-booter-2.21.0.jar:2.21.0]
	at org.apache.maven.surefire.booter.ForkedBooter.main(ForkedBooter.java:413) [surefire-booter-2.21.0.jar:2.21.0]
Caused by: org.springframework.beans.factory.UnsatisfiedDependencyException: Error creating bean with name 'fullInfoDisplay' defined in file [D:\Programming\Angular-Java Website\JBackend\display_content\target\classes\com\jeorgius\display_content\Controller\Logic\FullInfoDisplay.class]: Unsatisfied dependency expressed through constructor parameter 0; nested exception is org.springframework.beans.factory.UnsatisfiedDependencyException: Error creating bean with name 'validateInput' defined in file [D:\Programming\Angular-Java Website\JBackend\display_content\target\classes\com\jeorgius\display_content\Controller\Logic\ValidateInput.class]: Unsatisfied dependency expressed through constructor parameter 0; nested exception is org.springframework.beans.factory.NoSuchBeanDefinitionException: No qualifying bean of type 'com.jeorgius.cfg.Repos.UserRepo' available: expected at least 1 bean which qualifies as autowire candidate. Dependency annotations: {}
	at org.springframework.beans.factory.support.ConstructorResolver.createArgumentArray(ConstructorResolver.java:733) ~[spring-beans-5.0.10.RELEASE.jar:5.0.10.RELEASE]
	at org.springframework.beans.factory.support.ConstructorResolver.autowireConstructor(ConstructorResolver.java:198) ~[spring-beans-5.0.10.RELEASE.jar:5.0.10.RELEASE]
	at org.springframework.beans.factory.support.AbstractAutowireCapableBeanFactory.autowireConstructor(AbstractAutowireCapableBeanFactory.java:1266) ~[spring-beans-5.0.10.RELEASE.jar:5.0.10.RELEASE]
	at org.springframework.beans.factory.support.AbstractAutowireCapableBeanFactory.createBeanInstance(AbstractAutowireCapableBeanFactory.java:1123) ~[spring-beans-5.0.10.RELEASE.jar:5.0.10.RELEASE]
	at org.springframework.beans.factory.support.AbstractAutowireCapableBeanFactory.doCreateBean(AbstractAutowireCapableBeanFactory.java:535) ~[spring-beans-5.0.10.RELEASE.jar:5.0.10.RELEASE]
	at org.springframework.beans.factory.support.AbstractAutowireCapableBeanFactory.createBean(AbstractAutowireCapableBeanFactory.java:495) ~[spring-beans-5.0.10.RELEASE.jar:5.0.10.RELEASE]
	at org.springframework.beans.factory.support.AbstractBeanFactory.lambda$doGetBean$0(AbstractBeanFactory.java:317) ~[spring-beans-5.0.10.RELEASE.jar:5.0.10.RELEASE]
	at org.springframework.beans.factory.support.DefaultSingletonBeanRegistry.getSingleton(DefaultSingletonBeanRegistry.java:222) ~[spring-beans-5.0.10.RELEASE.jar:5.0.10.RELEASE]
	at org.springframework.beans.factory.support.AbstractBeanFactory.doGetBean(AbstractBeanFactory.java:315) ~[spring-beans-5.0.10.RELEASE.jar:5.0.10.RELEASE]
	at org.springframework.beans.factory.support.AbstractBeanFactory.getBean(AbstractBeanFactory.java:199) ~[spring-beans-5.0.10.RELEASE.jar:5.0.10.RELEASE]
	at org.springframework.beans.factory.support.DefaultListableBeanFactory.preInstantiateSingletons(DefaultListableBeanFactory.java:759) ~[spring-beans-5.0.10.RELEASE.jar:5.0.10.RELEASE]
	at org.springframework.context.support.AbstractApplicationContext.finishBeanFactoryInitialization(AbstractApplicationContext.java:867) ~[spring-context-5.0.10.RELEASE.jar:5.0.10.RELEASE]
	at org.springframework.context.support.AbstractApplicationContext.refresh(AbstractApplicationContext.java:548) ~[spring-context-5.0.10.RELEASE.jar:5.0.10.RELEASE]
	at org.springframework.boot.SpringApplication.refresh(SpringApplication.java:754) ~[spring-boot-2.0.6.RELEASE.jar:2.0.6.RELEASE]
	at org.springframework.boot.SpringApplication.refreshContext(SpringApplication.java:386) ~[spring-boot-2.0.6.RELEASE.jar:2.0.6.RELEASE]
	at org.springframework.boot.SpringApplication.run(SpringApplication.java:307) ~[spring-boot-2.0.6.RELEASE.jar:2.0.6.RELEASE]
	at org.springframework.boot.test.context.SpringBootContextLoader.loadContext(SpringBootContextLoader.java:127) ~[spring-boot-test-2.0.6.RELEASE.jar:2.0.6.RELEASE]
	at org.springframework.test.context.cache.DefaultCacheAwareContextLoaderDelegate.loadContextInternal(DefaultCacheAwareContextLoaderDelegate.java:99) ~[spring-test-5.0.10.RELEASE.jar:5.0.10.RELEASE]
	at org.springframework.test.context.cache.DefaultCacheAwareContextLoaderDelegate.loadContext(DefaultCacheAwareContextLoaderDelegate.java:117) ~[spring-test-5.0.10.RELEASE.jar:5.0.10.RELEASE]
	... 27 common frames omitted
Caused by: org.springframework.beans.factory.UnsatisfiedDependencyException: Error creating bean with name 'validateInput' defined in file [D:\Programming\Angular-Java Website\JBackend\display_content\target\classes\com\jeorgius\display_content\Controller\Logic\ValidateInput.class]: Unsatisfied dependency expressed through constructor parameter 0; nested exception is org.springframework.beans.factory.NoSuchBeanDefinitionException: No qualifying bean of type 'com.jeorgius.cfg.Repos.UserRepo' available: expected at least 1 bean which qualifies as autowire candidate. Dependency annotations: {}
	at org.springframework.beans.factory.support.ConstructorResolver.createArgumentArray(ConstructorResolver.java:733) ~[spring-beans-5.0.10.RELEASE.jar:5.0.10.RELEASE]
	at org.springframework.beans.factory.support.ConstructorResolver.autowireConstructor(ConstructorResolver.java:198) ~[spring-beans-5.0.10.RELEASE.jar:5.0.10.RELEASE]
	at org.springframework.beans.factory.support.AbstractAutowireCapableBeanFactory.autowireConstructor(AbstractAutowireCapableBeanFactory.java:1266) ~[spring-beans-5.0.10.RELEASE.jar:5.0.10.RELEASE]
	at org.springframework.beans.factory.support.AbstractAutowireCapableBeanFactory.createBeanInstance(AbstractAutowireCapableBeanFactory.java:1123) ~[spring-beans-5.0.10.RELEASE.jar:5.0.10.RELEASE]
	at org.springframework.beans.factory.support.AbstractAutowireCapableBeanFactory.doCreateBean(AbstractAutowireCapableBeanFactory.java:535) ~[spring-beans-5.0.10.RELEASE.jar:5.0.10.RELEASE]
	at org.springframework.beans.factory.support.AbstractAutowireCapableBeanFactory.createBean(AbstractAutowireCapableBeanFactory.java:495) ~[spring-beans-5.0.10.RELEASE.jar:5.0.10.RELEASE]
	at org.springframework.beans.factory.support.AbstractBeanFactory.lambda$doGetBean$0(AbstractBeanFactory.java:317) ~[spring-beans-5.0.10.RELEASE.jar:5.0.10.RELEASE]
	at org.springframework.beans.factory.support.DefaultSingletonBeanRegistry.getSingleton(DefaultSingletonBeanRegistry.java:222) ~[spring-beans-5.0.10.RELEASE.jar:5.0.10.RELEASE]
	at org.springframework.beans.factory.support.AbstractBeanFactory.doGetBean(AbstractBeanFactory.java:315) ~[spring-beans-5.0.10.RELEASE.jar:5.0.10.RELEASE]
	at org.springframework.beans.factory.support.AbstractBeanFactory.getBean(AbstractBeanFactory.java:199) ~[spring-beans-5.0.10.RELEASE.jar:5.0.10.RELEASE]
	at org.springframework.beans.factory.config.DependencyDescriptor.resolveCandidate(DependencyDescriptor.java:251) ~[spring-beans-5.0.10.RELEASE.jar:5.0.10.RELEASE]
	at org.springframework.beans.factory.support.DefaultListableBeanFactory.doResolveDependency(DefaultListableBeanFactory.java:1135) ~[spring-beans-5.0.10.RELEASE.jar:5.0.10.RELEASE]
	at org.springframework.beans.factory.support.DefaultListableBeanFactory.resolveDependency(DefaultListableBeanFactory.java:1062) ~[spring-beans-5.0.10.RELEASE.jar:5.0.10.RELEASE]
	at org.springframework.beans.factory.support.ConstructorResolver.resolveAutowiredArgument(ConstructorResolver.java:819) ~[spring-beans-5.0.10.RELEASE.jar:5.0.10.RELEASE]
	at org.springframework.beans.factory.support.ConstructorResolver.createArgumentArray(ConstructorResolver.java:725) ~[spring-beans-5.0.10.RELEASE.jar:5.0.10.RELEASE]
	... 45 common frames omitted
Caused by: org.springframework.beans.factory.NoSuchBeanDefinitionException: No qualifying bean of type 'com.jeorgius.cfg.Repos.UserRepo' available: expected at least 1 bean which qualifies as autowire candidate. Dependency annotations: {}
	at org.springframework.beans.factory.support.DefaultListableBeanFactory.raiseNoMatchingBeanFound(DefaultListableBeanFactory.java:1506) ~[spring-beans-5.0.10.RELEASE.jar:5.0.10.RELEASE]
	at org.springframework.beans.factory.support.DefaultListableBeanFactory.doResolveDependency(DefaultListableBeanFactory.java:1101) ~[spring-beans-5.0.10.RELEASE.jar:5.0.10.RELEASE]
	at org.springframework.beans.factory.support.DefaultListableBeanFactory.resolveDependency(DefaultListableBeanFactory.java:1062) ~[spring-beans-5.0.10.RELEASE.jar:5.0.10.RELEASE]
	at org.springframework.beans.factory.support.ConstructorResolver.resolveAutowiredArgument(ConstructorResolver.java:819) ~[spring-beans-5.0.10.RELEASE.jar:5.0.10.RELEASE]
	at org.springframework.beans.factory.support.ConstructorResolver.createArgumentArray(ConstructorResolver.java:725) ~[spring-beans-5.0.10.RELEASE.jar:5.0.10.RELEASE]
	... 59 common frames omitted

]]></system-out>
  </testcase>
</testsuite>